{"C:\\Users\\OBINexusComputing\\Projects\\obinexuscomputing\\pkg\\aerossr\\src\\AeroSSR.ts": {"path":"C:\\Users\\OBINexusComputing\\Projects\\obinexuscomputing\\pkg\\aerossr\\src\\AeroSSR.ts","statementMap":{"0":{"start":{"line":15,"column":18},"end":{"line":15,"column":33}},"1":{"start":{"line":22,"column":46},"end":{"line":22,"column":48}},"2":{"start":{"line":25,"column":37},"end":{"line":27,"column":46}},"3":{"start":{"line":29,"column":4},"end":{"line":44,"column":6}},"4":{"start":{"line":46,"column":4},"end":{"line":46,"column":71}},"5":{"start":{"line":47,"column":4},"end":{"line":47,"column":23}},"6":{"start":{"line":48,"column":4},"end":{"line":48,"column":28}},"7":{"start":{"line":49,"column":4},"end":{"line":49,"column":26}},"8":{"start":{"line":53,"column":4},"end":{"line":53,"column":38}},"9":{"start":{"line":57,"column":4},"end":{"line":57,"column":35}},"10":{"start":{"line":61,"column":4},"end":{"line":61,"column":36}},"11":{"start":{"line":62,"column":4},"end":{"line":62,"column":38}},"12":{"start":{"line":70,"column":4},"end":{"line":72,"column":null}},"13":{"start":{"line":71,"column":6},"end":{"line":71,"column":13}},"14":{"start":{"line":74,"column":23},"end":{"line":74,"column":46}},"15":{"start":{"line":75,"column":4},"end":{"line":77,"column":null}},"16":{"start":{"line":76,"column":6},"end":{"line":76,"column":85}},"17":{"start":{"line":76,"column":39},"end":{"line":76,"column":83}},"18":{"start":{"line":84,"column":4},"end":{"line":113,"column":null}},"19":{"start":{"line":85,"column":6},"end":{"line":85,"column":35}},"20":{"start":{"line":87,"column":6},"end":{"line":87,"column":47}},"21":{"start":{"line":89,"column":24},"end":{"line":89,"column":54}},"22":{"start":{"line":90,"column":23},"end":{"line":90,"column":48}},"23":{"start":{"line":92,"column":6},"end":{"line":97,"column":null}},"24":{"start":{"line":93,"column":8},"end":{"line":93,"column":68}},"25":{"start":{"line":94,"column":8},"end":{"line":94,"column":27}},"26":{"start":{"line":95,"column":8},"end":{"line":95,"column":18}},"27":{"start":{"line":96,"column":8},"end":{"line":96,"column":15}},"28":{"start":{"line":99,"column":27},"end":{"line":99,"column":52}},"29":{"start":{"line":100,"column":6},"end":{"line":103,"column":null}},"30":{"start":{"line":101,"column":8},"end":{"line":101,"column":38}},"31":{"start":{"line":102,"column":8},"end":{"line":102,"column":15}},"32":{"start":{"line":105,"column":6},"end":{"line":108,"column":null}},"33":{"start":{"line":106,"column":8},"end":{"line":106,"column":65}},"34":{"start":{"line":107,"column":8},"end":{"line":107,"column":15}},"35":{"start":{"line":110,"column":6},"end":{"line":110,"column":59}},"36":{"start":{"line":112,"column":6},"end":{"line":112,"column":96}},"37":{"start":{"line":121,"column":25},"end":{"line":121,"column":61}},"38":{"start":{"line":122,"column":24},"end":{"line":122,"column":64}},"39":{"start":{"line":124,"column":19},"end":{"line":124,"column":64}},"40":{"start":{"line":125,"column":17},"end":{"line":125,"column":37}},"41":{"start":{"line":127,"column":4},"end":{"line":131,"column":null}},"42":{"start":{"line":128,"column":6},"end":{"line":128,"column":25}},"43":{"start":{"line":129,"column":6},"end":{"line":129,"column":16}},"44":{"start":{"line":130,"column":6},"end":{"line":130,"column":13}},"45":{"start":{"line":133,"column":4},"end":{"line":133,"column":64}},"46":{"start":{"line":134,"column":4},"end":{"line":138,"column":7}},"47":{"start":{"line":140,"column":4},"end":{"line":146,"column":null}},"48":{"start":{"line":141,"column":25},"end":{"line":141,"column":48}},"49":{"start":{"line":142,"column":6},"end":{"line":142,"column":48}},"50":{"start":{"line":143,"column":6},"end":{"line":143,"column":26}},"51":{"start":{"line":145,"column":6},"end":{"line":145,"column":22}},"52":{"start":{"line":154,"column":21},"end":{"line":154,"column":50}},"53":{"start":{"line":155,"column":15},"end":{"line":155,"column":51}},"54":{"start":{"line":157,"column":17},"end":{"line":160,"column":6}},"55":{"start":{"line":162,"column":4},"end":{"line":162,"column":63}},"56":{"start":{"line":164,"column":4},"end":{"line":167,"column":7}},"57":{"start":{"line":168,"column":4},"end":{"line":168,"column":18}},"58":{"start":{"line":172,"column":4},"end":{"line":179,"column":7}},"59":{"start":{"line":173,"column":6},"end":{"line":173,"column":77}},"60":{"start":{"line":173,"column":47},"end":{"line":173,"column":75}},"61":{"start":{"line":175,"column":6},"end":{"line":178,"column":9}},"62":{"start":{"line":176,"column":8},"end":{"line":176,"column":78}},"63":{"start":{"line":177,"column":8},"end":{"line":177,"column":39}},"64":{"start":{"line":183,"column":4},"end":{"line":191,"column":null}},"65":{"start":{"line":184,"column":6},"end":{"line":190,"column":9}},"66":{"start":{"line":185,"column":8},"end":{"line":189,"column":11}},"67":{"start":{"line":186,"column":10},"end":{"line":186,"column":44}},"68":{"start":{"line":187,"column":10},"end":{"line":187,"column":29}},"69":{"start":{"line":188,"column":10},"end":{"line":188,"column":20}},"70":{"start":{"line":192,"column":4},"end":{"line":192,"column":29}}},"fnMap":{"0":{"name":"(anonymous_0)","decl":{"start":{"line":24,"column":2},"end":{"line":24,"column":14}},"loc":{"start":{"line":24,"column":40},"end":{"line":50,"column":3}}},"1":{"name":"(anonymous_1)","decl":{"start":{"line":52,"column":9},"end":{"line":52,"column":12}},"loc":{"start":{"line":52,"column":35},"end":{"line":54,"column":3}}},"2":{"name":"(anonymous_2)","decl":{"start":{"line":56,"column":9},"end":{"line":56,"column":14}},"loc":{"start":{"line":56,"column":50},"end":{"line":58,"column":3}}},"3":{"name":"(anonymous_3)","decl":{"start":{"line":60,"column":9},"end":{"line":60,"column":19}},"loc":{"start":{"line":60,"column":19},"end":{"line":63,"column":3}}},"4":{"name":"(anonymous_4)","decl":{"start":{"line":65,"column":10},"end":{"line":65,"column":15}},"loc":{"start":{"line":68,"column":13},"end":{"line":78,"column":3}}},"5":{"name":"(anonymous_5)","decl":{"start":{"line":76,"column":33},"end":{"line":76,"column":36}},"loc":{"start":{"line":76,"column":39},"end":{"line":76,"column":83}}},"6":{"name":"(anonymous_6)","decl":{"start":{"line":80,"column":10},"end":{"line":80,"column":15}},"loc":{"start":{"line":82,"column":23},"end":{"line":114,"column":3}}},"7":{"name":"(anonymous_7)","decl":{"start":{"line":116,"column":10},"end":{"line":116,"column":15}},"loc":{"start":{"line":119,"column":56},"end":{"line":147,"column":3}}},"8":{"name":"(anonymous_8)","decl":{"start":{"line":149,"column":10},"end":{"line":149,"column":15}},"loc":{"start":{"line":152,"column":20},"end":{"line":169,"column":3}}},"9":{"name":"(anonymous_9)","decl":{"start":{"line":171,"column":9},"end":{"line":171,"column":14}},"loc":{"start":{"line":171,"column":20},"end":{"line":180,"column":3}}},"10":{"name":"(anonymous_10)","decl":{"start":{"line":172,"column":23},"end":{"line":172,"column":24}},"loc":{"start":{"line":172,"column":35},"end":{"line":179,"column":5}}},"11":{"name":"(anonymous_11)","decl":{"start":{"line":173,"column":33},"end":{"line":173,"column":34}},"loc":{"start":{"line":173,"column":47},"end":{"line":173,"column":75}}},"12":{"name":"(anonymous_12)","decl":{"start":{"line":175,"column":43},"end":{"line":175,"column":46}},"loc":{"start":{"line":175,"column":48},"end":{"line":178,"column":7}}},"13":{"name":"(anonymous_13)","decl":{"start":{"line":182,"column":9},"end":{"line":182,"column":14}},"loc":{"start":{"line":182,"column":19},"end":{"line":193,"column":3}}},"14":{"name":"(anonymous_14)","decl":{"start":{"line":184,"column":25},"end":{"line":184,"column":26}},"loc":{"start":{"line":184,"column":37},"end":{"line":190,"column":7}}},"15":{"name":"(anonymous_15)","decl":{"start":{"line":185,"column":27},"end":{"line":185,"column":30}},"loc":{"start":{"line":185,"column":32},"end":{"line":189,"column":9}}}},"branchMap":{"0":{"loc":{"start":{"line":24,"column":14},"end":{"line":24,"column":40}},"type":"default-arg","locations":[{"start":{"line":24,"column":38},"end":{"line":24,"column":40}}]},"1":{"loc":{"start":{"line":25,"column":37},"end":{"line":27,"column":46}},"type":"cond-expr","locations":[{"start":{"line":26,"column":8},"end":{"line":26,"column":39}},{"start":{"line":27,"column":8},"end":{"line":27,"column":46}}]},"2":{"loc":{"start":{"line":27,"column":8},"end":{"line":27,"column":46}},"type":"binary-expr","locations":[{"start":{"line":27,"column":8},"end":{"line":27,"column":26}},{"start":{"line":27,"column":30},"end":{"line":27,"column":46}}]},"3":{"loc":{"start":{"line":30,"column":12},"end":{"line":30,"column":31}},"type":"binary-expr","locations":[{"start":{"line":30,"column":12},"end":{"line":30,"column":23}},{"start":{"line":30,"column":27},"end":{"line":30,"column":31}}]},"4":{"loc":{"start":{"line":31,"column":19},"end":{"line":31,"column":45}},"type":"binary-expr","locations":[{"start":{"line":31,"column":19},"end":{"line":31,"column":37}},{"start":{"line":31,"column":41},"end":{"line":31,"column":45}}]},"5":{"loc":{"start":{"line":34,"column":19},"end":{"line":34,"column":45}},"type":"binary-expr","locations":[{"start":{"line":34,"column":19},"end":{"line":34,"column":37}},{"start":{"line":34,"column":41},"end":{"line":34,"column":45}}]},"6":{"loc":{"start":{"line":35,"column":19},"end":{"line":35,"column":62}},"type":"binary-expr","locations":[{"start":{"line":35,"column":19},"end":{"line":35,"column":37}},{"start":{"line":35,"column":41},"end":{"line":35,"column":62}}]},"7":{"loc":{"start":{"line":36,"column":21},"end":{"line":36,"column":66}},"type":"binary-expr","locations":[{"start":{"line":36,"column":21},"end":{"line":36,"column":41}},{"start":{"line":36,"column":45},"end":{"line":36,"column":66}}]},"8":{"loc":{"start":{"line":68,"column":4},"end":{"line":68,"column":13}},"type":"default-arg","locations":[{"start":{"line":68,"column":12},"end":{"line":68,"column":13}}]},"9":{"loc":{"start":{"line":70,"column":4},"end":{"line":72,"column":null}},"type":"if","locations":[{"start":{"line":70,"column":4},"end":{"line":72,"column":null}}]},"10":{"loc":{"start":{"line":75,"column":4},"end":{"line":77,"column":null}},"type":"if","locations":[{"start":{"line":75,"column":4},"end":{"line":77,"column":null}}]},"11":{"loc":{"start":{"line":89,"column":33},"end":{"line":89,"column":47}},"type":"binary-expr","locations":[{"start":{"line":89,"column":33},"end":{"line":89,"column":41}},{"start":{"line":89,"column":45},"end":{"line":89,"column":47}}]},"12":{"loc":{"start":{"line":90,"column":23},"end":{"line":90,"column":48}},"type":"binary-expr","locations":[{"start":{"line":90,"column":23},"end":{"line":90,"column":41}},{"start":{"line":90,"column":45},"end":{"line":90,"column":48}}]},"13":{"loc":{"start":{"line":92,"column":6},"end":{"line":97,"column":null}},"type":"if","locations":[{"start":{"line":92,"column":6},"end":{"line":97,"column":null}}]},"14":{"loc":{"start":{"line":100,"column":6},"end":{"line":103,"column":null}},"type":"if","locations":[{"start":{"line":100,"column":6},"end":{"line":103,"column":null}}]},"15":{"loc":{"start":{"line":105,"column":6},"end":{"line":108,"column":null}},"type":"if","locations":[{"start":{"line":105,"column":6},"end":{"line":108,"column":null}}]},"16":{"loc":{"start":{"line":112,"column":24},"end":{"line":112,"column":83}},"type":"cond-expr","locations":[{"start":{"line":112,"column":49},"end":{"line":112,"column":54}},{"start":{"line":112,"column":57},"end":{"line":112,"column":83}}]},"17":{"loc":{"start":{"line":121,"column":25},"end":{"line":121,"column":61}},"type":"binary-expr","locations":[{"start":{"line":121,"column":25},"end":{"line":121,"column":53}},{"start":{"line":121,"column":57},"end":{"line":121,"column":61}}]},"18":{"loc":{"start":{"line":122,"column":24},"end":{"line":122,"column":64}},"type":"binary-expr","locations":[{"start":{"line":122,"column":24},"end":{"line":122,"column":51}},{"start":{"line":122,"column":55},"end":{"line":122,"column":64}}]},"19":{"loc":{"start":{"line":127,"column":4},"end":{"line":131,"column":null}},"type":"if","locations":[{"start":{"line":127,"column":4},"end":{"line":131,"column":null}}]},"20":{"loc":{"start":{"line":140,"column":4},"end":{"line":146,"column":null}},"type":"if","locations":[{"start":{"line":140,"column":4},"end":{"line":146,"column":null}},{"start":{"line":144,"column":11},"end":{"line":146,"column":null}}]},"21":{"loc":{"start":{"line":140,"column":8},"end":{"line":140,"column":84}},"type":"binary-expr","locations":[{"start":{"line":140,"column":8},"end":{"line":140,"column":31}},{"start":{"line":140,"column":35},"end":{"line":140,"column":84}}]},"22":{"loc":{"start":{"line":183,"column":4},"end":{"line":191,"column":null}},"type":"if","locations":[{"start":{"line":183,"column":4},"end":{"line":191,"column":null}}]}},"s":{"0":0,"1":0,"2":0,"3":0,"4":0,"5":0,"6":0,"7":0,"8":0,"9":0,"10":0,"11":0,"12":0,"13":0,"14":0,"15":0,"16":0,"17":0,"18":0,"19":0,"20":0,"21":0,"22":0,"23":0,"24":0,"25":0,"26":0,"27":0,"28":0,"29":0,"30":0,"31":0,"32":0,"33":0,"34":0,"35":0,"36":0,"37":0,"38":0,"39":0,"40":0,"41":0,"42":0,"43":0,"44":0,"45":0,"46":0,"47":0,"48":0,"49":0,"50":0,"51":0,"52":0,"53":0,"54":0,"55":0,"56":0,"57":0,"58":0,"59":0,"60":0,"61":0,"62":0,"63":0,"64":0,"65":0,"66":0,"67":0,"68":0,"69":0,"70":0},"f":{"0":0,"1":0,"2":0,"3":0,"4":0,"5":0,"6":0,"7":0,"8":0,"9":0,"10":0,"11":0,"12":0,"13":0,"14":0,"15":0},"b":{"0":[0],"1":[0,0],"2":[0,0],"3":[0,0],"4":[0,0],"5":[0,0],"6":[0,0],"7":[0,0],"8":[0],"9":[0],"10":[0],"11":[0,0],"12":[0,0],"13":[0],"14":[0],"15":[0],"16":[0,0],"17":[0,0],"18":[0,0],"19":[0],"20":[0,0],"21":[0,0],"22":[0]}}
,"C:\\Users\\OBINexusComputing\\Projects\\obinexuscomputing\\pkg\\aerossr\\src\\cli\\index.ts": {"path":"C:\\Users\\OBINexusComputing\\Projects\\obinexuscomputing\\pkg\\aerossr\\src\\cli\\index.ts","statementMap":{"0":{"start":{"line":4,"column":16},"end":{"line":4,"column":29}},"1":{"start":{"line":7,"column":0},"end":{"line":9,"column":80}},"2":{"start":{"line":12,"column":0},"end":{"line":20,"column":5}},"3":{"start":{"line":17,"column":22},"end":{"line":17,"column":39}},"4":{"start":{"line":18,"column":4},"end":{"line":18,"column":29}},"5":{"start":{"line":19,"column":4},"end":{"line":19,"column":69}},"6":{"start":{"line":23,"column":0},"end":{"line":36,"column":5}},"7":{"start":{"line":29,"column":27},"end":{"line":29,"column":34}},"8":{"start":{"line":30,"column":4},"end":{"line":33,"column":null}},"9":{"start":{"line":31,"column":6},"end":{"line":31,"column":67}},"10":{"start":{"line":32,"column":6},"end":{"line":32,"column":13}},"11":{"start":{"line":34,"column":4},"end":{"line":34,"column":36}},"12":{"start":{"line":35,"column":4},"end":{"line":35,"column":60}},"13":{"start":{"line":39,"column":0},"end":{"line":56,"column":5}},"14":{"start":{"line":44,"column":4},"end":{"line":55,"column":null}},"15":{"start":{"line":45,"column":27},"end":{"line":45,"column":52}},"16":{"start":{"line":46,"column":6},"end":{"line":49,"column":null}},"17":{"start":{"line":47,"column":8},"end":{"line":47,"column":74}},"18":{"start":{"line":48,"column":8},"end":{"line":48,"column":15}},"19":{"start":{"line":51,"column":6},"end":{"line":51,"column":62}},"20":{"start":{"line":54,"column":6},"end":{"line":54,"column":57}},"21":{"start":{"line":59,"column":0},"end":{"line":59,"column":28}}},"fnMap":{"0":{"name":"(anonymous_0)","decl":{"start":{"line":16,"column":10},"end":{"line":16,"column":11}},"loc":{"start":{"line":16,"column":22},"end":{"line":20,"column":3}}},"1":{"name":"(anonymous_1)","decl":{"start":{"line":28,"column":10},"end":{"line":28,"column":11}},"loc":{"start":{"line":28,"column":22},"end":{"line":36,"column":3}}},"2":{"name":"(anonymous_2)","decl":{"start":{"line":43,"column":10},"end":{"line":43,"column":11}},"loc":{"start":{"line":43,"column":22},"end":{"line":56,"column":3}}}},"branchMap":{"0":{"loc":{"start":{"line":30,"column":4},"end":{"line":33,"column":null}},"type":"if","locations":[{"start":{"line":30,"column":4},"end":{"line":33,"column":null}}]},"1":{"loc":{"start":{"line":30,"column":8},"end":{"line":30,"column":22}},"type":"binary-expr","locations":[{"start":{"line":30,"column":8},"end":{"line":30,"column":13}},{"start":{"line":30,"column":17},"end":{"line":30,"column":22}}]},"2":{"loc":{"start":{"line":44,"column":4},"end":{"line":55,"column":null}},"type":"if","locations":[{"start":{"line":44,"column":4},"end":{"line":55,"column":null}},{"start":{"line":52,"column":11},"end":{"line":55,"column":null}}]},"3":{"loc":{"start":{"line":46,"column":6},"end":{"line":49,"column":null}},"type":"if","locations":[{"start":{"line":46,"column":6},"end":{"line":49,"column":null}}]},"4":{"loc":{"start":{"line":46,"column":10},"end":{"line":46,"column":24}},"type":"binary-expr","locations":[{"start":{"line":46,"column":10},"end":{"line":46,"column":14}},{"start":{"line":46,"column":18},"end":{"line":46,"column":24}}]}},"s":{"0":0,"1":0,"2":0,"3":0,"4":0,"5":0,"6":0,"7":0,"8":0,"9":0,"10":0,"11":0,"12":0,"13":0,"14":0,"15":0,"16":0,"17":0,"18":0,"19":0,"20":0,"21":0},"f":{"0":0,"1":0,"2":0},"b":{"0":[0],"1":[0,0],"2":[0,0],"3":[0],"4":[0,0]}}
,"C:\\Users\\OBINexusComputing\\Projects\\obinexuscomputing\\pkg\\aerossr\\src\\middlewares\\SecurityMiddleware.ts": {"path":"C:\\Users\\OBINexusComputing\\Projects\\obinexuscomputing\\pkg\\aerossr\\src\\middlewares\\SecurityMiddleware.ts","statementMap":{"0":{"start":{"line":14,"column":4},"end":{"line":22,"column":7}},"1":{"start":{"line":15,"column":20},"end":{"line":15,"column":47}},"2":{"start":{"line":16,"column":6},"end":{"line":20,"column":null}},"3":{"start":{"line":17,"column":8},"end":{"line":17,"column":61}},"4":{"start":{"line":18,"column":8},"end":{"line":18,"column":49}},"5":{"start":{"line":19,"column":8},"end":{"line":19,"column":66}},"6":{"start":{"line":21,"column":6},"end":{"line":21,"column":16}},"7":{"start":{"line":29,"column":21},"end":{"line":29,"column":76}},"8":{"start":{"line":31,"column":4},"end":{"line":53,"column":6}},"9":{"start":{"line":32,"column":6},"end":{"line":52,"column":9}},"10":{"start":{"line":33,"column":19},"end":{"line":33,"column":49}},"11":{"start":{"line":34,"column":20},"end":{"line":34,"column":30}},"12":{"start":{"line":35,"column":23},"end":{"line":35,"column":71}},"13":{"start":{"line":37,"column":8},"end":{"line":40,"column":null}},"14":{"start":{"line":38,"column":10},"end":{"line":38,"column":57}},"15":{"start":{"line":39,"column":10},"end":{"line":39,"column":27}},"16":{"start":{"line":42,"column":8},"end":{"line":42,"column":26}},"17":{"start":{"line":43,"column":8},"end":{"line":43,"column":33}},"18":{"start":{"line":45,"column":8},"end":{"line":49,"column":null}},"19":{"start":{"line":46,"column":10},"end":{"line":46,"column":63}},"20":{"start":{"line":47,"column":10},"end":{"line":47,"column":39}},"21":{"start":{"line":48,"column":10},"end":{"line":48,"column":56}},"22":{"start":{"line":51,"column":8},"end":{"line":51,"column":18}},"23":{"start":{"line":60,"column":4},"end":{"line":66,"column":7}},"24":{"start":{"line":61,"column":6},"end":{"line":61,"column":57}},"25":{"start":{"line":62,"column":6},"end":{"line":62,"column":47}},"26":{"start":{"line":63,"column":6},"end":{"line":63,"column":88}},"27":{"start":{"line":64,"column":6},"end":{"line":64,"column":69}},"28":{"start":{"line":65,"column":6},"end":{"line":65,"column":16}},"29":{"start":{"line":73,"column":4},"end":{"line":113,"column":7}},"30":{"start":{"line":74,"column":23},"end":{"line":86,"column":7}},"31":{"start":{"line":75,"column":8},"end":{"line":85,"column":11}},"32":{"start":{"line":76,"column":57},"end":{"line":83,"column":12}},"33":{"start":{"line":84,"column":10},"end":{"line":84,"column":43}},"34":{"start":{"line":88,"column":6},"end":{"line":112,"column":null}},"35":{"start":{"line":89,"column":19},"end":{"line":89,"column":21}},"36":{"start":{"line":90,"column":8},"end":{"line":92,"column":11}},"37":{"start":{"line":91,"column":10},"end":{"line":91,"column":35}},"38":{"start":{"line":94,"column":8},"end":{"line":109,"column":11}},"39":{"start":{"line":95,"column":10},"end":{"line":108,"column":null}},"40":{"start":{"line":96,"column":31},"end":{"line":96,"column":47}},"41":{"start":{"line":97,"column":12},"end":{"line":101,"column":null}},"42":{"start":{"line":98,"column":14},"end":{"line":100,"column":null}},"43":{"start":{"line":99,"column":16},"end":{"line":99,"column":60}},"44":{"start":{"line":102,"column":12},"end":{"line":102,"column":34}},"45":{"start":{"line":103,"column":12},"end":{"line":103,"column":22}},"46":{"start":{"line":105,"column":12},"end":{"line":105,"column":65}},"47":{"start":{"line":106,"column":12},"end":{"line":106,"column":36}},"48":{"start":{"line":107,"column":12},"end":{"line":107,"column":19}},"49":{"start":{"line":111,"column":8},"end":{"line":111,"column":18}}},"fnMap":{"0":{"name":"(anonymous_0)","decl":{"start":{"line":13,"column":2},"end":{"line":13,"column":8}},"loc":{"start":{"line":13,"column":71},"end":{"line":23,"column":3}}},"1":{"name":"(anonymous_1)","decl":{"start":{"line":14,"column":23},"end":{"line":14,"column":24}},"loc":{"start":{"line":14,"column":43},"end":{"line":22,"column":5}}},"2":{"name":"(anonymous_2)","decl":{"start":{"line":28,"column":2},"end":{"line":28,"column":8}},"loc":{"start":{"line":28,"column":50},"end":{"line":54,"column":3}}},"3":{"name":"(anonymous_3)","decl":{"start":{"line":31,"column":11},"end":{"line":31,"column":16}},"loc":{"start":{"line":31,"column":45},"end":{"line":53,"column":5}}},"4":{"name":"(anonymous_4)","decl":{"start":{"line":32,"column":25},"end":{"line":32,"column":26}},"loc":{"start":{"line":32,"column":45},"end":{"line":52,"column":7}}},"5":{"name":"(anonymous_5)","decl":{"start":{"line":59,"column":2},"end":{"line":59,"column":8}},"loc":{"start":{"line":59,"column":73},"end":{"line":67,"column":3}}},"6":{"name":"(anonymous_6)","decl":{"start":{"line":60,"column":23},"end":{"line":60,"column":24}},"loc":{"start":{"line":60,"column":35},"end":{"line":66,"column":5}}},"7":{"name":"(anonymous_7)","decl":{"start":{"line":72,"column":2},"end":{"line":72,"column":8}},"loc":{"start":{"line":72,"column":70},"end":{"line":114,"column":3}}},"8":{"name":"(anonymous_8)","decl":{"start":{"line":73,"column":23},"end":{"line":73,"column":24}},"loc":{"start":{"line":73,"column":35},"end":{"line":113,"column":5}}},"9":{"name":"(anonymous_9)","decl":{"start":{"line":74,"column":23},"end":{"line":74,"column":24}},"loc":{"start":{"line":74,"column":49},"end":{"line":86,"column":7}}},"10":{"name":"(anonymous_10)","decl":{"start":{"line":75,"column":43},"end":{"line":75,"column":44}},"loc":{"start":{"line":75,"column":52},"end":{"line":85,"column":9}}},"11":{"name":"(anonymous_11)","decl":{"start":{"line":90,"column":23},"end":{"line":90,"column":24}},"loc":{"start":{"line":90,"column":33},"end":{"line":92,"column":9}}},"12":{"name":"(anonymous_12)","decl":{"start":{"line":94,"column":22},"end":{"line":94,"column":25}},"loc":{"start":{"line":94,"column":27},"end":{"line":109,"column":9}}}},"branchMap":{"0":{"loc":{"start":{"line":16,"column":6},"end":{"line":20,"column":null}},"type":"if","locations":[{"start":{"line":16,"column":6},"end":{"line":20,"column":null}}]},"1":{"loc":{"start":{"line":16,"column":10},"end":{"line":16,"column":47}},"type":"binary-expr","locations":[{"start":{"line":16,"column":10},"end":{"line":16,"column":16}},{"start":{"line":16,"column":20},"end":{"line":16,"column":47}}]},"2":{"loc":{"start":{"line":33,"column":19},"end":{"line":33,"column":49}},"type":"binary-expr","locations":[{"start":{"line":33,"column":19},"end":{"line":33,"column":43}},{"start":{"line":33,"column":47},"end":{"line":33,"column":49}}]},"3":{"loc":{"start":{"line":35,"column":23},"end":{"line":35,"column":71}},"type":"binary-expr","locations":[{"start":{"line":35,"column":23},"end":{"line":35,"column":39}},{"start":{"line":35,"column":43},"end":{"line":35,"column":71}}]},"4":{"loc":{"start":{"line":37,"column":8},"end":{"line":40,"column":null}},"type":"if","locations":[{"start":{"line":37,"column":8},"end":{"line":40,"column":null}}]},"5":{"loc":{"start":{"line":45,"column":8},"end":{"line":49,"column":null}},"type":"if","locations":[{"start":{"line":45,"column":8},"end":{"line":49,"column":null}}]},"6":{"loc":{"start":{"line":84,"column":17},"end":{"line":84,"column":42}},"type":"binary-expr","locations":[{"start":{"line":84,"column":17},"end":{"line":84,"column":34}},{"start":{"line":84,"column":38},"end":{"line":84,"column":42}}]},"7":{"loc":{"start":{"line":88,"column":6},"end":{"line":112,"column":null}},"type":"if","locations":[{"start":{"line":88,"column":6},"end":{"line":112,"column":null}},{"start":{"line":110,"column":13},"end":{"line":112,"column":null}}]},"8":{"loc":{"start":{"line":88,"column":10},"end":{"line":88,"column":55}},"type":"binary-expr","locations":[{"start":{"line":88,"column":10},"end":{"line":88,"column":31}},{"start":{"line":88,"column":35},"end":{"line":88,"column":55}}]},"9":{"loc":{"start":{"line":98,"column":14},"end":{"line":100,"column":null}},"type":"if","locations":[{"start":{"line":98,"column":14},"end":{"line":100,"column":null}}]}},"s":{"0":0,"1":0,"2":0,"3":0,"4":0,"5":0,"6":0,"7":0,"8":0,"9":0,"10":0,"11":0,"12":0,"13":0,"14":0,"15":0,"16":0,"17":0,"18":0,"19":0,"20":0,"21":0,"22":0,"23":0,"24":0,"25":0,"26":0,"27":0,"28":0,"29":0,"30":0,"31":0,"32":0,"33":0,"34":0,"35":0,"36":0,"37":0,"38":0,"39":0,"40":0,"41":0,"42":0,"43":0,"44":0,"45":0,"46":0,"47":0,"48":0,"49":0},"f":{"0":0,"1":0,"2":0,"3":0,"4":0,"5":0,"6":0,"7":0,"8":0,"9":0,"10":0,"11":0,"12":0},"b":{"0":[0],"1":[0,0],"2":[0,0],"3":[0,0],"4":[0],"5":[0],"6":[0,0],"7":[0,0],"8":[0,0],"9":[0]}}
,"C:\\Users\\OBINexusComputing\\Projects\\obinexuscomputing\\pkg\\aerossr\\src\\types\\utils\\async.ts": {"path":"C:\\Users\\OBINexusComputing\\Projects\\obinexuscomputing\\pkg\\aerossr\\src\\types\\utils\\async.ts","statementMap":{"0":{"start":{"line":4,"column":2},"end":{"line":6,"column":4}},"1":{"start":{"line":12,"column":2},"end":{"line":15,"column":4}},"2":{"start":{"line":13,"column":19},"end":{"line":13,"column":36}},"3":{"start":{"line":14,"column":4},"end":{"line":14,"column":35}}},"fnMap":{"0":{"name":"isPromise","decl":{"start":{"line":3,"column":16},"end":{"line":3,"column":25}},"loc":{"start":{"line":3,"column":53},"end":{"line":7,"column":1}}},"1":{"name":"ensureAsync","decl":{"start":{"line":9,"column":16},"end":{"line":9,"column":27}},"loc":{"start":{"line":10,"column":7},"end":{"line":16,"column":1}}},"2":{"name":"(anonymous_2)","decl":{"start":{"line":12,"column":9},"end":{"line":12,"column":14}},"loc":{"start":{"line":12,"column":46},"end":{"line":15,"column":3}}}},"branchMap":{"0":{"loc":{"start":{"line":5,"column":4},"end":{"line":5,"column":93}},"type":"binary-expr","locations":[{"start":{"line":5,"column":4},"end":{"line":5,"column":9}},{"start":{"line":5,"column":13},"end":{"line":5,"column":38}},{"start":{"line":5,"column":42},"end":{"line":5,"column":57}},{"start":{"line":5,"column":61},"end":{"line":5,"column":93}}]}},"s":{"0":0,"1":0,"2":0,"3":0},"f":{"0":0,"1":0,"2":0},"b":{"0":[0,0,0,0]}}
,"C:\\Users\\OBINexusComputing\\Projects\\obinexuscomputing\\pkg\\aerossr\\src\\utils\\async.ts": {"path":"C:\\Users\\OBINexusComputing\\Projects\\obinexuscomputing\\pkg\\aerossr\\src\\utils\\async.ts","statementMap":{"0":{"start":{"line":7,"column":2},"end":{"line":9,"column":4}},"1":{"start":{"line":18,"column":2},"end":{"line":21,"column":4}},"2":{"start":{"line":19,"column":19},"end":{"line":19,"column":36}},"3":{"start":{"line":20,"column":4},"end":{"line":20,"column":35}}},"fnMap":{"0":{"name":"isPromise","decl":{"start":{"line":6,"column":16},"end":{"line":6,"column":25}},"loc":{"start":{"line":6,"column":53},"end":{"line":10,"column":1}}},"1":{"name":"ensureAsync","decl":{"start":{"line":15,"column":16},"end":{"line":15,"column":27}},"loc":{"start":{"line":16,"column":7},"end":{"line":22,"column":1}}},"2":{"name":"(anonymous_2)","decl":{"start":{"line":18,"column":9},"end":{"line":18,"column":14}},"loc":{"start":{"line":18,"column":46},"end":{"line":21,"column":3}}}},"branchMap":{"0":{"loc":{"start":{"line":8,"column":4},"end":{"line":8,"column":93}},"type":"binary-expr","locations":[{"start":{"line":8,"column":4},"end":{"line":8,"column":9}},{"start":{"line":8,"column":13},"end":{"line":8,"column":38}},{"start":{"line":8,"column":42},"end":{"line":8,"column":57}},{"start":{"line":8,"column":61},"end":{"line":8,"column":93}}]}},"s":{"0":0,"1":0,"2":0,"3":0},"f":{"0":0,"1":0,"2":0},"b":{"0":[0,0,0,0]}}
,"C:\\Users\\OBINexusComputing\\Projects\\obinexuscomputing\\pkg\\aerossr\\src\\utils\\cache.ts": {"path":"C:\\Users\\OBINexusComputing\\Projects\\obinexuscomputing\\pkg\\aerossr\\src\\utils\\cache.ts","statementMap":{"0":{"start":{"line":13,"column":16},"end":{"line":13,"column":47}},"1":{"start":{"line":15,"column":2},"end":{"line":35,"column":4}},"2":{"start":{"line":17,"column":19},"end":{"line":17,"column":33}},"3":{"start":{"line":18,"column":6},"end":{"line":18,"column":34}},"4":{"start":{"line":18,"column":17},"end":{"line":18,"column":34}},"5":{"start":{"line":20,"column":6},"end":{"line":23,"column":null}},"6":{"start":{"line":21,"column":8},"end":{"line":21,"column":26}},"7":{"start":{"line":22,"column":8},"end":{"line":22,"column":25}},"8":{"start":{"line":25,"column":6},"end":{"line":25,"column":24}},"9":{"start":{"line":28,"column":22},"end":{"line":30,"column":19}},"10":{"start":{"line":32,"column":6},"end":{"line":32,"column":41}},"11":{"start":{"line":34,"column":23},"end":{"line":34,"column":36}}},"fnMap":{"0":{"name":"createCache","decl":{"start":{"line":12,"column":16},"end":{"line":12,"column":27}},"loc":{"start":{"line":12,"column":27},"end":{"line":36,"column":1}}},"1":{"name":"(anonymous_1)","decl":{"start":{"line":16,"column":9},"end":{"line":16,"column":10}},"loc":{"start":{"line":16,"column":40},"end":{"line":26,"column":5}}},"2":{"name":"(anonymous_2)","decl":{"start":{"line":27,"column":9},"end":{"line":27,"column":10}},"loc":{"start":{"line":27,"column":73},"end":{"line":33,"column":5}}},"3":{"name":"(anonymous_3)","decl":{"start":{"line":34,"column":11},"end":{"line":34,"column":20}},"loc":{"start":{"line":34,"column":23},"end":{"line":34,"column":36}}}},"branchMap":{"0":{"loc":{"start":{"line":18,"column":6},"end":{"line":18,"column":34}},"type":"if","locations":[{"start":{"line":18,"column":6},"end":{"line":18,"column":34}}]},"1":{"loc":{"start":{"line":20,"column":6},"end":{"line":23,"column":null}},"type":"if","locations":[{"start":{"line":20,"column":6},"end":{"line":23,"column":null}}]},"2":{"loc":{"start":{"line":20,"column":10},"end":{"line":20,"column":51}},"type":"binary-expr","locations":[{"start":{"line":20,"column":10},"end":{"line":20,"column":22}},{"start":{"line":20,"column":26},"end":{"line":20,"column":51}}]},"3":{"loc":{"start":{"line":28,"column":22},"end":{"line":30,"column":19}},"type":"cond-expr","locations":[{"start":{"line":29,"column":10},"end":{"line":29,"column":40}},{"start":{"line":30,"column":10},"end":{"line":30,"column":19}}]},"4":{"loc":{"start":{"line":28,"column":22},"end":{"line":28,"column":36}},"type":"binary-expr","locations":[{"start":{"line":28,"column":22},"end":{"line":28,"column":29}},{"start":{"line":28,"column":33},"end":{"line":28,"column":36}}]},"5":{"loc":{"start":{"line":29,"column":24},"end":{"line":29,"column":39}},"type":"binary-expr","locations":[{"start":{"line":29,"column":24},"end":{"line":29,"column":31}},{"start":{"line":29,"column":35},"end":{"line":29,"column":39}}]}},"s":{"0":0,"1":0,"2":0,"3":0,"4":0,"5":0,"6":0,"7":0,"8":0,"9":0,"10":0,"11":0},"f":{"0":0,"1":0,"2":0,"3":0},"b":{"0":[0],"1":[0],"2":[0,0],"3":[0,0],"4":[0,0],"5":[0,0]}}
,"C:\\Users\\OBINexusComputing\\Projects\\obinexuscomputing\\pkg\\aerossr\\src\\utils\\cookie.ts": {"path":"C:\\Users\\OBINexusComputing\\Projects\\obinexuscomputing\\pkg\\aerossr\\src\\utils\\cookie.ts","statementMap":{"0":{"start":{"line":14,"column":4},"end":{"line":14,"column":76}},"1":{"start":{"line":26,"column":4},"end":{"line":28,"column":null}},"2":{"start":{"line":27,"column":6},"end":{"line":27,"column":13}},"3":{"start":{"line":30,"column":17},"end":{"line":30,"column":27}},"4":{"start":{"line":31,"column":4},"end":{"line":31,"column":64}},"5":{"start":{"line":33,"column":24},"end":{"line":37,"column":6}},"6":{"start":{"line":39,"column":4},"end":{"line":41,"column":null}},"7":{"start":{"line":40,"column":6},"end":{"line":40,"column":51}},"8":{"start":{"line":43,"column":4},"end":{"line":45,"column":null}},"9":{"start":{"line":44,"column":6},"end":{"line":44,"column":33}},"10":{"start":{"line":47,"column":4},"end":{"line":49,"column":null}},"11":{"start":{"line":48,"column":6},"end":{"line":48,"column":55}},"12":{"start":{"line":51,"column":4},"end":{"line":53,"column":null}},"13":{"start":{"line":52,"column":6},"end":{"line":52,"column":35}},"14":{"start":{"line":55,"column":4},"end":{"line":55,"column":45}},"15":{"start":{"line":62,"column":4},"end":{"line":64,"column":null}},"16":{"start":{"line":63,"column":6},"end":{"line":63,"column":18}},"17":{"start":{"line":66,"column":19},"end":{"line":66,"column":49}},"18":{"start":{"line":67,"column":20},"end":{"line":67,"column":46}},"19":{"start":{"line":69,"column":4},"end":{"line":74,"column":null}},"20":{"start":{"line":70,"column":6},"end":{"line":70,"column":29}},"21":{"start":{"line":71,"column":6},"end":{"line":73,"column":null}},"22":{"start":{"line":72,"column":8},"end":{"line":72,"column":67}},"23":{"start":{"line":76,"column":4},"end":{"line":76,"column":16}},"24":{"start":{"line":86,"column":4},"end":{"line":88,"column":null}},"25":{"start":{"line":87,"column":6},"end":{"line":87,"column":13}},"26":{"start":{"line":90,"column":24},"end":{"line":94,"column":6}},"27":{"start":{"line":96,"column":4},"end":{"line":98,"column":null}},"28":{"start":{"line":97,"column":6},"end":{"line":97,"column":51}},"29":{"start":{"line":100,"column":4},"end":{"line":102,"column":null}},"30":{"start":{"line":101,"column":6},"end":{"line":101,"column":33}},"31":{"start":{"line":104,"column":4},"end":{"line":106,"column":null}},"32":{"start":{"line":105,"column":6},"end":{"line":105,"column":55}},"33":{"start":{"line":108,"column":4},"end":{"line":110,"column":null}},"34":{"start":{"line":109,"column":6},"end":{"line":109,"column":35}},"35":{"start":{"line":112,"column":4},"end":{"line":112,"column":45}},"36":{"start":{"line":119,"column":4},"end":{"line":121,"column":null}},"37":{"start":{"line":120,"column":6},"end":{"line":120,"column":19}},"38":{"start":{"line":123,"column":4},"end":{"line":134,"column":null}},"39":{"start":{"line":124,"column":22},"end":{"line":124,"column":39}},"40":{"start":{"line":125,"column":24},"end":{"line":125,"column":30}},"41":{"start":{"line":127,"column":6},"end":{"line":127,"column":39}},"42":{"start":{"line":128,"column":21},"end":{"line":128,"column":53}},"43":{"start":{"line":129,"column":6},"end":{"line":129,"column":28}},"44":{"start":{"line":131,"column":6},"end":{"line":131,"column":20}},"45":{"start":{"line":133,"column":6},"end":{"line":133,"column":19}},"46":{"start":{"line":141,"column":4},"end":{"line":143,"column":null}},"47":{"start":{"line":142,"column":6},"end":{"line":142,"column":16}},"48":{"start":{"line":145,"column":4},"end":{"line":153,"column":13}},"49":{"start":{"line":148,"column":30},"end":{"line":148,"column":66}},"50":{"start":{"line":148,"column":57},"end":{"line":148,"column":65}},"51":{"start":{"line":149,"column":8},"end":{"line":151,"column":null}},"52":{"start":{"line":150,"column":10},"end":{"line":150,"column":72}},"53":{"start":{"line":152,"column":8},"end":{"line":152,"column":23}}},"fnMap":{"0":{"name":"isBrowser","decl":{"start":{"line":13,"column":11},"end":{"line":13,"column":20}},"loc":{"start":{"line":13,"column":20},"end":{"line":15,"column":3}}},"1":{"name":"setCookie","decl":{"start":{"line":20,"column":18},"end":{"line":20,"column":27}},"loc":{"start":{"line":24,"column":31},"end":{"line":56,"column":3}}},"2":{"name":"getCookie","decl":{"start":{"line":61,"column":18},"end":{"line":61,"column":27}},"loc":{"start":{"line":61,"column":40},"end":{"line":77,"column":3}}},"3":{"name":"deleteCookie","decl":{"start":{"line":82,"column":18},"end":{"line":82,"column":30}},"loc":{"start":{"line":84,"column":59},"end":{"line":113,"column":3}}},"4":{"name":"areCookiesEnabled","decl":{"start":{"line":118,"column":18},"end":{"line":118,"column":35}},"loc":{"start":{"line":118,"column":35},"end":{"line":135,"column":3}}},"5":{"name":"getAllCookies","decl":{"start":{"line":140,"column":18},"end":{"line":140,"column":31}},"loc":{"start":{"line":140,"column":31},"end":{"line":154,"column":3}}},"6":{"name":"(anonymous_6)","decl":{"start":{"line":147,"column":14},"end":{"line":147,"column":15}},"loc":{"start":{"line":147,"column":58},"end":{"line":153,"column":7}}},"7":{"name":"(anonymous_7)","decl":{"start":{"line":148,"column":52},"end":{"line":148,"column":53}},"loc":{"start":{"line":148,"column":57},"end":{"line":148,"column":65}}}},"branchMap":{"0":{"loc":{"start":{"line":14,"column":11},"end":{"line":14,"column":75}},"type":"binary-expr","locations":[{"start":{"line":14,"column":11},"end":{"line":14,"column":40}},{"start":{"line":14,"column":44},"end":{"line":14,"column":75}}]},"1":{"loc":{"start":{"line":24,"column":4},"end":{"line":24,"column":31}},"type":"default-arg","locations":[{"start":{"line":24,"column":29},"end":{"line":24,"column":31}}]},"2":{"loc":{"start":{"line":26,"column":4},"end":{"line":28,"column":null}},"type":"if","locations":[{"start":{"line":26,"column":4},"end":{"line":28,"column":null}}]},"3":{"loc":{"start":{"line":36,"column":14},"end":{"line":36,"column":33}},"type":"binary-expr","locations":[{"start":{"line":36,"column":14},"end":{"line":36,"column":26}},{"start":{"line":36,"column":30},"end":{"line":36,"column":33}}]},"4":{"loc":{"start":{"line":39,"column":4},"end":{"line":41,"column":null}},"type":"if","locations":[{"start":{"line":39,"column":4},"end":{"line":41,"column":null}}]},"5":{"loc":{"start":{"line":43,"column":4},"end":{"line":45,"column":null}},"type":"if","locations":[{"start":{"line":43,"column":4},"end":{"line":45,"column":null}}]},"6":{"loc":{"start":{"line":47,"column":4},"end":{"line":49,"column":null}},"type":"if","locations":[{"start":{"line":47,"column":4},"end":{"line":49,"column":null}}]},"7":{"loc":{"start":{"line":51,"column":4},"end":{"line":53,"column":null}},"type":"if","locations":[{"start":{"line":51,"column":4},"end":{"line":53,"column":null}}]},"8":{"loc":{"start":{"line":62,"column":4},"end":{"line":64,"column":null}},"type":"if","locations":[{"start":{"line":62,"column":4},"end":{"line":64,"column":null}}]},"9":{"loc":{"start":{"line":71,"column":6},"end":{"line":73,"column":null}},"type":"if","locations":[{"start":{"line":71,"column":6},"end":{"line":73,"column":null}}]},"10":{"loc":{"start":{"line":84,"column":4},"end":{"line":84,"column":59}},"type":"default-arg","locations":[{"start":{"line":84,"column":57},"end":{"line":84,"column":59}}]},"11":{"loc":{"start":{"line":86,"column":4},"end":{"line":88,"column":null}},"type":"if","locations":[{"start":{"line":86,"column":4},"end":{"line":88,"column":null}}]},"12":{"loc":{"start":{"line":93,"column":14},"end":{"line":93,"column":33}},"type":"binary-expr","locations":[{"start":{"line":93,"column":14},"end":{"line":93,"column":26}},{"start":{"line":93,"column":30},"end":{"line":93,"column":33}}]},"13":{"loc":{"start":{"line":96,"column":4},"end":{"line":98,"column":null}},"type":"if","locations":[{"start":{"line":96,"column":4},"end":{"line":98,"column":null}}]},"14":{"loc":{"start":{"line":100,"column":4},"end":{"line":102,"column":null}},"type":"if","locations":[{"start":{"line":100,"column":4},"end":{"line":102,"column":null}}]},"15":{"loc":{"start":{"line":104,"column":4},"end":{"line":106,"column":null}},"type":"if","locations":[{"start":{"line":104,"column":4},"end":{"line":106,"column":null}}]},"16":{"loc":{"start":{"line":108,"column":4},"end":{"line":110,"column":null}},"type":"if","locations":[{"start":{"line":108,"column":4},"end":{"line":110,"column":null}}]},"17":{"loc":{"start":{"line":119,"column":4},"end":{"line":121,"column":null}},"type":"if","locations":[{"start":{"line":119,"column":4},"end":{"line":121,"column":null}}]},"18":{"loc":{"start":{"line":141,"column":4},"end":{"line":143,"column":null}},"type":"if","locations":[{"start":{"line":141,"column":4},"end":{"line":143,"column":null}}]},"19":{"loc":{"start":{"line":149,"column":8},"end":{"line":151,"column":null}},"type":"if","locations":[{"start":{"line":149,"column":8},"end":{"line":151,"column":null}}]},"20":{"loc":{"start":{"line":149,"column":12},"end":{"line":149,"column":25}},"type":"binary-expr","locations":[{"start":{"line":149,"column":12},"end":{"line":149,"column":16}},{"start":{"line":149,"column":20},"end":{"line":149,"column":25}}]}},"s":{"0":0,"1":0,"2":0,"3":0,"4":0,"5":0,"6":0,"7":0,"8":0,"9":0,"10":0,"11":0,"12":0,"13":0,"14":0,"15":0,"16":0,"17":0,"18":0,"19":0,"20":0,"21":0,"22":0,"23":0,"24":0,"25":0,"26":0,"27":0,"28":0,"29":0,"30":0,"31":0,"32":0,"33":0,"34":0,"35":0,"36":0,"37":0,"38":0,"39":0,"40":0,"41":0,"42":0,"43":0,"44":0,"45":0,"46":0,"47":0,"48":0,"49":0,"50":0,"51":0,"52":0,"53":0},"f":{"0":0,"1":0,"2":0,"3":0,"4":0,"5":0,"6":0,"7":0},"b":{"0":[0,0],"1":[0],"2":[0],"3":[0,0],"4":[0],"5":[0],"6":[0],"7":[0],"8":[0],"9":[0],"10":[0],"11":[0],"12":[0,0],"13":[0],"14":[0],"15":[0],"16":[0],"17":[0],"18":[0],"19":[0],"20":[0,0]}}
,"C:\\Users\\OBINexusComputing\\Projects\\obinexuscomputing\\pkg\\aerossr\\src\\utils\\cors.ts": {"path":"C:\\Users\\OBINexusComputing\\Projects\\obinexuscomputing\\pkg\\aerossr\\src\\utils\\cors.ts","statementMap":{"0":{"start":{"line":25,"column":6},"end":{"line":25,"column":13}},"1":{"start":{"line":27,"column":2},"end":{"line":27,"column":101}},"2":{"start":{"line":28,"column":2},"end":{"line":28,"column":68}},"3":{"start":{"line":29,"column":2},"end":{"line":29,"column":75}},"4":{"start":{"line":31,"column":2},"end":{"line":33,"column":null}},"5":{"start":{"line":32,"column":4},"end":{"line":32,"column":78}},"6":{"start":{"line":35,"column":2},"end":{"line":37,"column":null}},"7":{"start":{"line":36,"column":4},"end":{"line":36,"column":62}},"8":{"start":{"line":39,"column":2},"end":{"line":39,"column":61}},"9":{"start":{"line":17,"column":0},"end":{"line":17,"column":16}},"10":{"start":{"line":43,"column":2},"end":{"line":45,"column":null}},"11":{"start":{"line":44,"column":4},"end":{"line":44,"column":32}},"12":{"start":{"line":46,"column":2},"end":{"line":46,"column":37}},"13":{"start":{"line":42,"column":0},"end":{"line":42,"column":16}}},"fnMap":{"0":{"name":"setCorsHeaders","decl":{"start":{"line":17,"column":16},"end":{"line":17,"column":30}},"loc":{"start":{"line":17,"column":77},"end":{"line":40,"column":1}}},"1":{"name":"normalizeCorsOptions","decl":{"start":{"line":42,"column":16},"end":{"line":42,"column":36}},"loc":{"start":{"line":42,"column":78},"end":{"line":47,"column":1}}}},"branchMap":{"0":{"loc":{"start":{"line":17,"column":52},"end":{"line":17,"column":77}},"type":"default-arg","locations":[{"start":{"line":17,"column":75},"end":{"line":17,"column":77}}]},"1":{"loc":{"start":{"line":19,"column":4},"end":{"line":19,"column":17}},"type":"default-arg","locations":[{"start":{"line":19,"column":14},"end":{"line":19,"column":17}}]},"2":{"loc":{"start":{"line":20,"column":4},"end":{"line":20,"column":48}},"type":"default-arg","locations":[{"start":{"line":20,"column":14},"end":{"line":20,"column":48}}]},"3":{"loc":{"start":{"line":21,"column":4},"end":{"line":21,"column":54}},"type":"default-arg","locations":[{"start":{"line":21,"column":21},"end":{"line":21,"column":54}}]},"4":{"loc":{"start":{"line":22,"column":4},"end":{"line":22,"column":23}},"type":"default-arg","locations":[{"start":{"line":22,"column":21},"end":{"line":22,"column":23}}]},"5":{"loc":{"start":{"line":23,"column":4},"end":{"line":23,"column":23}},"type":"default-arg","locations":[{"start":{"line":23,"column":18},"end":{"line":23,"column":23}}]},"6":{"loc":{"start":{"line":24,"column":4},"end":{"line":24,"column":18}},"type":"default-arg","locations":[{"start":{"line":24,"column":13},"end":{"line":24,"column":18}}]},"7":{"loc":{"start":{"line":27,"column":47},"end":{"line":27,"column":99}},"type":"cond-expr","locations":[{"start":{"line":27,"column":72},"end":{"line":27,"column":89}},{"start":{"line":27,"column":92},"end":{"line":27,"column":99}}]},"8":{"loc":{"start":{"line":31,"column":2},"end":{"line":33,"column":null}},"type":"if","locations":[{"start":{"line":31,"column":2},"end":{"line":33,"column":null}}]},"9":{"loc":{"start":{"line":35,"column":2},"end":{"line":37,"column":null}},"type":"if","locations":[{"start":{"line":35,"column":2},"end":{"line":37,"column":null}}]},"10":{"loc":{"start":{"line":43,"column":2},"end":{"line":45,"column":null}},"type":"if","locations":[{"start":{"line":43,"column":2},"end":{"line":45,"column":null}}]},"11":{"loc":{"start":{"line":46,"column":9},"end":{"line":46,"column":36}},"type":"binary-expr","locations":[{"start":{"line":46,"column":9},"end":{"line":46,"column":16}},{"start":{"line":46,"column":20},"end":{"line":46,"column":36}}]}},"s":{"0":2,"1":2,"2":2,"3":2,"4":2,"5":0,"6":2,"7":0,"8":2,"9":1,"10":0,"11":0,"12":0,"13":1},"f":{"0":2,"1":0},"b":{"0":[1],"1":[1],"2":[2],"3":[2],"4":[2],"5":[2],"6":[2],"7":[1,1],"8":[0],"9":[0],"10":[0],"11":[0,0]}}
,"C:\\Users\\OBINexusComputing\\Projects\\obinexuscomputing\\pkg\\aerossr\\src\\utils\\errorHandler.ts": {"path":"C:\\Users\\OBINexusComputing\\Projects\\obinexuscomputing\\pkg\\aerossr\\src\\utils\\errorHandler.ts","statementMap":{"0":{"start":{"line":29,"column":6},"end":{"line":29,"column":13}},"1":{"start":{"line":31,"column":18},"end":{"line":37,"column":8}},"2":{"start":{"line":39,"column":2},"end":{"line":54,"column":4}},"3":{"start":{"line":15,"column":0},"end":{"line":15,"column":16}},"4":{"start":{"line":62,"column":21},"end":{"line":62,"column":44}},"5":{"start":{"line":63,"column":18},"end":{"line":63,"column":58}},"6":{"start":{"line":65,"column":2},"end":{"line":76,"column":5}},"7":{"start":{"line":78,"column":20},"end":{"line":78,"column":65}},"8":{"start":{"line":80,"column":2},"end":{"line":84,"column":5}},"9":{"start":{"line":85,"column":2},"end":{"line":85,"column":21}},"10":{"start":{"line":57,"column":0},"end":{"line":57,"column":7}}},"fnMap":{"0":{"name":"generateErrorPage","decl":{"start":{"line":15,"column":16},"end":{"line":15,"column":33}},"loc":{"start":{"line":19,"column":32},"end":{"line":55,"column":1}}},"1":{"name":"handleError","decl":{"start":{"line":57,"column":22},"end":{"line":57,"column":33}},"loc":{"start":{"line":60,"column":21},"end":{"line":86,"column":1}}}},"branchMap":{"0":{"loc":{"start":{"line":19,"column":2},"end":{"line":19,"column":32}},"type":"default-arg","locations":[{"start":{"line":19,"column":30},"end":{"line":19,"column":32}}]},"1":{"loc":{"start":{"line":22,"column":4},"end":{"line":26,"column":null}},"type":"default-arg","locations":[{"start":{"line":22,"column":13},"end":{"line":26,"column":null}}]},"2":{"loc":{"start":{"line":27,"column":4},"end":{"line":27,"column":53}},"type":"default-arg","locations":[{"start":{"line":27,"column":16},"end":{"line":27,"column":53}}]},"3":{"loc":{"start":{"line":28,"column":4},"end":{"line":28,"column":55}},"type":"default-arg","locations":[{"start":{"line":28,"column":18},"end":{"line":28,"column":55}}]},"4":{"loc":{"start":{"line":31,"column":18},"end":{"line":37,"column":8}},"type":"cond-expr","locations":[{"start":{"line":31,"column":41},"end":{"line":37,"column":4}},{"start":{"line":37,"column":6},"end":{"line":37,"column":8}}]},"5":{"loc":{"start":{"line":31,"column":18},"end":{"line":31,"column":38}},"type":"binary-expr","locations":[{"start":{"line":31,"column":18},"end":{"line":31,"column":23}},{"start":{"line":31,"column":27},"end":{"line":31,"column":38}}]},"6":{"loc":{"start":{"line":33,"column":37},"end":{"line":33,"column":60}},"type":"binary-expr","locations":[{"start":{"line":33,"column":37},"end":{"line":33,"column":47}},{"start":{"line":33,"column":51},"end":{"line":33,"column":60}}]},"7":{"loc":{"start":{"line":34,"column":8},"end":{"line":34,"column":98}},"type":"cond-expr","locations":[{"start":{"line":34,"column":24},"end":{"line":34,"column":93}},{"start":{"line":34,"column":96},"end":{"line":34,"column":98}}]},"8":{"loc":{"start":{"line":35,"column":8},"end":{"line":35,"column":81}},"type":"cond-expr","locations":[{"start":{"line":35,"column":35},"end":{"line":35,"column":76}},{"start":{"line":35,"column":79},"end":{"line":35,"column":81}}]},"9":{"loc":{"start":{"line":35,"column":8},"end":{"line":35,"column":32}},"type":"binary-expr","locations":[{"start":{"line":35,"column":8},"end":{"line":35,"column":19}},{"start":{"line":35,"column":23},"end":{"line":35,"column":32}}]},"10":{"loc":{"start":{"line":62,"column":21},"end":{"line":62,"column":44}},"type":"binary-expr","locations":[{"start":{"line":62,"column":21},"end":{"line":62,"column":37}},{"start":{"line":62,"column":41},"end":{"line":62,"column":44}}]},"11":{"loc":{"start":{"line":63,"column":18},"end":{"line":63,"column":58}},"type":"binary-expr","locations":[{"start":{"line":63,"column":18},"end":{"line":63,"column":31}},{"start":{"line":63,"column":35},"end":{"line":63,"column":58}}]}},"s":{"0":2,"1":2,"2":2,"3":1,"4":1,"5":1,"6":1,"7":1,"8":1,"9":1,"10":1},"f":{"0":2,"1":1},"b":{"0":[2],"1":[2],"2":[2],"3":[2],"4":[1,1],"5":[2,1],"6":[1,1],"7":[0,1],"8":[1,0],"9":[1,1],"10":[1,0],"11":[1,0]}}
,"C:\\Users\\OBINexusComputing\\Projects\\obinexuscomputing\\pkg\\aerossr\\src\\utils\\etag.ts": {"path":"C:\\Users\\OBINexusComputing\\Projects\\obinexuscomputing\\pkg\\aerossr\\src\\utils\\etag.ts","statementMap":{"0":{"start":{"line":1,"column":0},"end":{"line":1,"column":33}},"1":{"start":{"line":8,"column":15},"end":{"line":8,"column":69}},"2":{"start":{"line":9,"column":2},"end":{"line":9,"column":52}},"3":{"start":{"line":7,"column":0},"end":{"line":7,"column":16}}},"fnMap":{"0":{"name":"generateETag","decl":{"start":{"line":7,"column":16},"end":{"line":7,"column":28}},"loc":{"start":{"line":7,"column":80},"end":{"line":10,"column":1}}}},"branchMap":{"0":{"loc":{"start":{"line":7,"column":55},"end":{"line":7,"column":80}},"type":"default-arg","locations":[{"start":{"line":7,"column":78},"end":{"line":7,"column":80}}]},"1":{"loc":{"start":{"line":9,"column":9},"end":{"line":9,"column":51}},"type":"cond-expr","locations":[{"start":{"line":9,"column":24},"end":{"line":9,"column":37}},{"start":{"line":9,"column":40},"end":{"line":9,"column":51}}]}},"s":{"0":1,"1":2,"2":2,"3":1},"f":{"0":2},"b":{"0":[1],"1":[1,1]}}
,"C:\\Users\\OBINexusComputing\\Projects\\obinexuscomputing\\pkg\\aerossr\\src\\utils\\html.ts": {"path":"C:\\Users\\OBINexusComputing\\Projects\\obinexuscomputing\\pkg\\aerossr\\src\\utils\\html.ts","statementMap":{"0":{"start":{"line":23,"column":30},"end":{"line":28,"column":4}},"1":{"start":{"line":30,"column":19},"end":{"line":47,"column":19}},"2":{"start":{"line":31,"column":28},"end":{"line":31,"column":47}},"3":{"start":{"line":33,"column":6},"end":{"line":35,"column":null}},"4":{"start":{"line":34,"column":8},"end":{"line":34,"column":41}},"5":{"start":{"line":36,"column":6},"end":{"line":38,"column":null}},"6":{"start":{"line":37,"column":8},"end":{"line":37,"column":87}},"7":{"start":{"line":39,"column":6},"end":{"line":41,"column":null}},"8":{"start":{"line":40,"column":8},"end":{"line":40,"column":88}},"9":{"start":{"line":42,"column":6},"end":{"line":44,"column":null}},"10":{"start":{"line":43,"column":8},"end":{"line":43,"column":43}},"11":{"start":{"line":45,"column":6},"end":{"line":45,"column":55}},"12":{"start":{"line":49,"column":2},"end":{"line":49,"column":63}},"13":{"start":{"line":18,"column":0},"end":{"line":18,"column":16}}},"fnMap":{"0":{"name":"injectMetaTags","decl":{"start":{"line":18,"column":16},"end":{"line":18,"column":30}},"loc":{"start":{"line":21,"column":28},"end":{"line":50,"column":1}}},"1":{"name":"(anonymous_1)","decl":{"start":{"line":31,"column":12},"end":{"line":31,"column":13}},"loc":{"start":{"line":31,"column":28},"end":{"line":31,"column":47}}},"2":{"name":"(anonymous_2)","decl":{"start":{"line":32,"column":9},"end":{"line":32,"column":10}},"loc":{"start":{"line":32,"column":26},"end":{"line":46,"column":5}}}},"branchMap":{"0":{"loc":{"start":{"line":20,"column":2},"end":{"line":20,"column":21}},"type":"default-arg","locations":[{"start":{"line":20,"column":19},"end":{"line":20,"column":21}}]},"1":{"loc":{"start":{"line":21,"column":2},"end":{"line":21,"column":28}},"type":"default-arg","locations":[{"start":{"line":21,"column":26},"end":{"line":21,"column":28}}]},"2":{"loc":{"start":{"line":33,"column":6},"end":{"line":35,"column":null}},"type":"if","locations":[{"start":{"line":33,"column":6},"end":{"line":35,"column":null}}]},"3":{"loc":{"start":{"line":36,"column":6},"end":{"line":38,"column":null}},"type":"if","locations":[{"start":{"line":36,"column":6},"end":{"line":38,"column":null}}]},"4":{"loc":{"start":{"line":39,"column":6},"end":{"line":41,"column":null}},"type":"if","locations":[{"start":{"line":39,"column":6},"end":{"line":41,"column":null}}]},"5":{"loc":{"start":{"line":42,"column":6},"end":{"line":44,"column":null}},"type":"if","locations":[{"start":{"line":42,"column":6},"end":{"line":44,"column":null}}]}},"s":{"0":2,"1":2,"2":8,"3":8,"4":1,"5":7,"6":2,"7":5,"8":0,"9":5,"10":2,"11":3,"12":2,"13":1},"f":{"0":2,"1":8,"2":8},"b":{"0":[0],"1":[2],"2":[1],"3":[2],"4":[0],"5":[2]}}
,"C:\\Users\\OBINexusComputing\\Projects\\obinexuscomputing\\pkg\\aerossr\\src\\utils\\logger.ts": {"path":"C:\\Users\\OBINexusComputing\\Projects\\obinexuscomputing\\pkg\\aerossr\\src\\utils\\logger.ts","statementMap":{"0":{"start":{"line":1,"column":0},"end":{"line":1,"column":34}},"1":{"start":{"line":2,"column":0},"end":{"line":2,"column":43}},"2":{"start":{"line":4,"column":0},"end":{"line":4,"column":24}},"3":{"start":{"line":17,"column":69},"end":{"line":23,"column":4}},"4":{"start":{"line":26,"column":4},"end":{"line":26,"column":61}},"5":{"start":{"line":27,"column":4},"end":{"line":27,"column":48}},"6":{"start":{"line":29,"column":4},"end":{"line":31,"column":null}},"7":{"start":{"line":30,"column":6},"end":{"line":30,"column":31}},"8":{"start":{"line":35,"column":4},"end":{"line":46,"column":null}},"9":{"start":{"line":36,"column":21},"end":{"line":36,"column":52}},"10":{"start":{"line":38,"column":6},"end":{"line":40,"column":null}},"11":{"start":{"line":39,"column":8},"end":{"line":39,"column":47}},"12":{"start":{"line":42,"column":6},"end":{"line":44,"column":8}},"13":{"start":{"line":45,"column":6},"end":{"line":45,"column":30}},"14":{"start":{"line":50,"column":4},"end":{"line":50,"column":28}},"15":{"start":{"line":54,"column":22},"end":{"line":54,"column":46}},"16":{"start":{"line":55,"column":4},"end":{"line":61,"column":null}},"17":{"start":{"line":56,"column":6},"end":{"line":60,"column":16}},"18":{"start":{"line":62,"column":4},"end":{"line":62,"column":41}},"19":{"start":{"line":66,"column":29},"end":{"line":66,"column":56}},"20":{"start":{"line":67,"column":4},"end":{"line":67,"column":41}},"21":{"start":{"line":69,"column":4},"end":{"line":75,"column":null}},"22":{"start":{"line":70,"column":6},"end":{"line":74,"column":null}},"23":{"start":{"line":71,"column":8},"end":{"line":71,"column":73}},"24":{"start":{"line":73,"column":8},"end":{"line":73,"column":82}},"25":{"start":{"line":79,"column":70},"end":{"line":79,"column":73}},"26":{"start":{"line":80,"column":22},"end":{"line":80,"column":56}},"27":{"start":{"line":81,"column":23},"end":{"line":81,"column":56}},"28":{"start":{"line":82,"column":4},"end":{"line":82,"column":25}},"29":{"start":{"line":86,"column":4},"end":{"line":92,"column":null}},"30":{"start":{"line":87,"column":6},"end":{"line":91,"column":null}},"31":{"start":{"line":88,"column":8},"end":{"line":88,"column":58}},"32":{"start":{"line":90,"column":8},"end":{"line":90,"column":79}},"33":{"start":{"line":14,"column":0},"end":{"line":14,"column":13}}},"fnMap":{"0":{"name":"(anonymous_7)","decl":{"start":{"line":25,"column":2},"end":{"line":25,"column":14}},"loc":{"start":{"line":25,"column":41},"end":{"line":32,"column":3}}},"1":{"name":"(anonymous_8)","decl":{"start":{"line":34,"column":10},"end":{"line":34,"column":27}},"loc":{"start":{"line":34,"column":27},"end":{"line":47,"column":3}}},"2":{"name":"(anonymous_9)","decl":{"start":{"line":49,"column":9},"end":{"line":49,"column":19}},"loc":{"start":{"line":49,"column":19},"end":{"line":51,"column":3}}},"3":{"name":"(anonymous_10)","decl":{"start":{"line":53,"column":10},"end":{"line":53,"column":23}},"loc":{"start":{"line":53,"column":39},"end":{"line":63,"column":3}}},"4":{"name":"(anonymous_11)","decl":{"start":{"line":65,"column":9},"end":{"line":65,"column":14}},"loc":{"start":{"line":65,"column":34},"end":{"line":76,"column":3}}},"5":{"name":"(anonymous_12)","decl":{"start":{"line":78,"column":9},"end":{"line":78,"column":19}},"loc":{"start":{"line":78,"column":40},"end":{"line":83,"column":3}}},"6":{"name":"(anonymous_13)","decl":{"start":{"line":85,"column":9},"end":{"line":85,"column":14}},"loc":{"start":{"line":85,"column":20},"end":{"line":93,"column":3}}}},"branchMap":{"0":{"loc":{"start":{"line":25,"column":14},"end":{"line":25,"column":41}},"type":"default-arg","locations":[{"start":{"line":25,"column":39},"end":{"line":25,"column":41}}]},"1":{"loc":{"start":{"line":29,"column":4},"end":{"line":31,"column":null}},"type":"if","locations":[{"start":{"line":29,"column":4},"end":{"line":31,"column":null}}]},"2":{"loc":{"start":{"line":38,"column":6},"end":{"line":40,"column":null}},"type":"if","locations":[{"start":{"line":38,"column":6},"end":{"line":40,"column":null}}]},"3":{"loc":{"start":{"line":55,"column":4},"end":{"line":61,"column":null}},"type":"if","locations":[{"start":{"line":55,"column":4},"end":{"line":61,"column":null}}]},"4":{"loc":{"start":{"line":69,"column":4},"end":{"line":75,"column":null}},"type":"if","locations":[{"start":{"line":69,"column":4},"end":{"line":75,"column":null}}]},"5":{"loc":{"start":{"line":79,"column":12},"end":{"line":79,"column":32}},"type":"default-arg","locations":[{"start":{"line":79,"column":21},"end":{"line":79,"column":32}}]},"6":{"loc":{"start":{"line":79,"column":34},"end":{"line":79,"column":51}},"type":"default-arg","locations":[{"start":{"line":79,"column":40},"end":{"line":79,"column":51}}]},"7":{"loc":{"start":{"line":79,"column":53},"end":{"line":79,"column":65}},"type":"default-arg","locations":[{"start":{"line":79,"column":63},"end":{"line":79,"column":65}}]},"8":{"loc":{"start":{"line":80,"column":22},"end":{"line":80,"column":56}},"type":"binary-expr","locations":[{"start":{"line":80,"column":22},"end":{"line":80,"column":43}},{"start":{"line":80,"column":47},"end":{"line":80,"column":56}}]},"9":{"loc":{"start":{"line":86,"column":4},"end":{"line":92,"column":null}},"type":"if","locations":[{"start":{"line":86,"column":4},"end":{"line":92,"column":null}}]},"10":{"loc":{"start":{"line":86,"column":8},"end":{"line":86,"column":56}},"type":"binary-expr","locations":[{"start":{"line":86,"column":8},"end":{"line":86,"column":24}},{"start":{"line":86,"column":28},"end":{"line":86,"column":56}}]}},"s":{"0":1,"1":1,"2":1,"3":1,"4":13,"5":13,"6":13,"7":8,"8":8,"9":8,"10":8,"11":2,"12":1,"13":1,"14":3,"15":7,"16":7,"17":1,"18":6,"19":7,"20":7,"21":7,"22":3,"23":3,"24":1,"25":2,"26":2,"27":2,"28":2,"29":2,"30":2,"31":2,"32":1,"33":1},"f":{"0":13,"1":8,"2":3,"3":7,"4":7,"5":2,"6":2},"b":{"0":[5],"1":[8],"2":[2],"3":[1],"4":[3],"5":[1],"6":[1],"7":[1],"8":[2,1],"9":[2],"10":[2,2]}}
}
