{"C:\\Users\\OBINexusComputing\\Projects\\obinexuscomputing\\pkg\\aerossr\\src\\AeroSSR.ts": {"path":"C:\\Users\\OBINexusComputing\\Projects\\obinexuscomputing\\pkg\\aerossr\\src\\AeroSSR.ts","statementMap":{"0":{"start":{"line":16,"column":18},"end":{"line":16,"column":33}},"1":{"start":{"line":23,"column":46},"end":{"line":23,"column":48}},"2":{"start":{"line":26,"column":4},"end":{"line":41,"column":6}},"3":{"start":{"line":43,"column":4},"end":{"line":43,"column":71}},"4":{"start":{"line":44,"column":4},"end":{"line":44,"column":23}},"5":{"start":{"line":45,"column":4},"end":{"line":45,"column":28}},"6":{"start":{"line":46,"column":4},"end":{"line":46,"column":26}},"7":{"start":{"line":50,"column":4},"end":{"line":50,"column":38}},"8":{"start":{"line":54,"column":4},"end":{"line":54,"column":35}},"9":{"start":{"line":58,"column":4},"end":{"line":58,"column":36}},"10":{"start":{"line":59,"column":4},"end":{"line":59,"column":38}},"11":{"start":{"line":67,"column":4},"end":{"line":69,"column":null}},"12":{"start":{"line":68,"column":6},"end":{"line":68,"column":13}},"13":{"start":{"line":71,"column":4},"end":{"line":71,"column":96}},"14":{"start":{"line":71,"column":50},"end":{"line":71,"column":94}},"15":{"start":{"line":78,"column":4},"end":{"line":107,"column":null}},"16":{"start":{"line":79,"column":6},"end":{"line":79,"column":35}},"17":{"start":{"line":81,"column":6},"end":{"line":81,"column":47}},"18":{"start":{"line":83,"column":24},"end":{"line":83,"column":54}},"19":{"start":{"line":84,"column":23},"end":{"line":84,"column":48}},"20":{"start":{"line":86,"column":6},"end":{"line":91,"column":null}},"21":{"start":{"line":87,"column":8},"end":{"line":87,"column":53}},"22":{"start":{"line":88,"column":8},"end":{"line":88,"column":27}},"23":{"start":{"line":89,"column":8},"end":{"line":89,"column":18}},"24":{"start":{"line":90,"column":8},"end":{"line":90,"column":15}},"25":{"start":{"line":93,"column":27},"end":{"line":93,"column":52}},"26":{"start":{"line":94,"column":6},"end":{"line":97,"column":null}},"27":{"start":{"line":95,"column":8},"end":{"line":95,"column":38}},"28":{"start":{"line":96,"column":8},"end":{"line":96,"column":15}},"29":{"start":{"line":99,"column":6},"end":{"line":102,"column":null}},"30":{"start":{"line":100,"column":8},"end":{"line":100,"column":65}},"31":{"start":{"line":101,"column":8},"end":{"line":101,"column":15}},"32":{"start":{"line":104,"column":6},"end":{"line":104,"column":59}},"33":{"start":{"line":106,"column":6},"end":{"line":106,"column":96}},"34":{"start":{"line":114,"column":25},"end":{"line":114,"column":61}},"35":{"start":{"line":115,"column":24},"end":{"line":115,"column":64}},"36":{"start":{"line":117,"column":19},"end":{"line":117,"column":64}},"37":{"start":{"line":118,"column":17},"end":{"line":118,"column":37}},"38":{"start":{"line":120,"column":4},"end":{"line":124,"column":null}},"39":{"start":{"line":121,"column":6},"end":{"line":121,"column":25}},"40":{"start":{"line":122,"column":6},"end":{"line":122,"column":16}},"41":{"start":{"line":123,"column":6},"end":{"line":123,"column":13}},"42":{"start":{"line":126,"column":4},"end":{"line":126,"column":49}},"43":{"start":{"line":127,"column":4},"end":{"line":131,"column":7}},"44":{"start":{"line":133,"column":27},"end":{"line":133,"column":64}},"45":{"start":{"line":134,"column":4},"end":{"line":140,"column":null}},"46":{"start":{"line":135,"column":25},"end":{"line":135,"column":48}},"47":{"start":{"line":136,"column":6},"end":{"line":136,"column":48}},"48":{"start":{"line":137,"column":6},"end":{"line":137,"column":26}},"49":{"start":{"line":139,"column":6},"end":{"line":139,"column":22}},"50":{"start":{"line":149,"column":21},"end":{"line":149,"column":50}},"51":{"start":{"line":150,"column":15},"end":{"line":150,"column":51}},"52":{"start":{"line":152,"column":17},"end":{"line":155,"column":6}},"53":{"start":{"line":157,"column":4},"end":{"line":157,"column":63}},"54":{"start":{"line":159,"column":4},"end":{"line":162,"column":7}},"55":{"start":{"line":163,"column":4},"end":{"line":163,"column":18}},"56":{"start":{"line":167,"column":4},"end":{"line":174,"column":7}},"57":{"start":{"line":168,"column":6},"end":{"line":168,"column":77}},"58":{"start":{"line":168,"column":47},"end":{"line":168,"column":75}},"59":{"start":{"line":170,"column":6},"end":{"line":173,"column":9}},"60":{"start":{"line":171,"column":8},"end":{"line":171,"column":78}},"61":{"start":{"line":172,"column":8},"end":{"line":172,"column":39}},"62":{"start":{"line":178,"column":4},"end":{"line":186,"column":null}},"63":{"start":{"line":179,"column":6},"end":{"line":185,"column":9}},"64":{"start":{"line":180,"column":8},"end":{"line":184,"column":11}},"65":{"start":{"line":181,"column":10},"end":{"line":181,"column":44}},"66":{"start":{"line":182,"column":10},"end":{"line":182,"column":29}},"67":{"start":{"line":183,"column":10},"end":{"line":183,"column":20}},"68":{"start":{"line":187,"column":4},"end":{"line":187,"column":29}}},"fnMap":{"0":{"name":"(anonymous_0)","decl":{"start":{"line":25,"column":2},"end":{"line":25,"column":14}},"loc":{"start":{"line":25,"column":40},"end":{"line":47,"column":3}}},"1":{"name":"(anonymous_1)","decl":{"start":{"line":49,"column":9},"end":{"line":49,"column":12}},"loc":{"start":{"line":49,"column":35},"end":{"line":51,"column":3}}},"2":{"name":"(anonymous_2)","decl":{"start":{"line":53,"column":9},"end":{"line":53,"column":14}},"loc":{"start":{"line":53,"column":50},"end":{"line":55,"column":3}}},"3":{"name":"(anonymous_3)","decl":{"start":{"line":57,"column":9},"end":{"line":57,"column":19}},"loc":{"start":{"line":57,"column":19},"end":{"line":60,"column":3}}},"4":{"name":"(anonymous_4)","decl":{"start":{"line":62,"column":10},"end":{"line":62,"column":15}},"loc":{"start":{"line":65,"column":13},"end":{"line":72,"column":3}}},"5":{"name":"(anonymous_5)","decl":{"start":{"line":71,"column":44},"end":{"line":71,"column":47}},"loc":{"start":{"line":71,"column":50},"end":{"line":71,"column":94}}},"6":{"name":"(anonymous_6)","decl":{"start":{"line":74,"column":10},"end":{"line":74,"column":15}},"loc":{"start":{"line":76,"column":23},"end":{"line":108,"column":3}}},"7":{"name":"(anonymous_7)","decl":{"start":{"line":109,"column":10},"end":{"line":109,"column":15}},"loc":{"start":{"line":112,"column":56},"end":{"line":141,"column":3}}},"8":{"name":"(anonymous_8)","decl":{"start":{"line":144,"column":10},"end":{"line":144,"column":15}},"loc":{"start":{"line":147,"column":20},"end":{"line":164,"column":3}}},"9":{"name":"(anonymous_9)","decl":{"start":{"line":166,"column":9},"end":{"line":166,"column":14}},"loc":{"start":{"line":166,"column":20},"end":{"line":175,"column":3}}},"10":{"name":"(anonymous_10)","decl":{"start":{"line":167,"column":23},"end":{"line":167,"column":24}},"loc":{"start":{"line":167,"column":35},"end":{"line":174,"column":5}}},"11":{"name":"(anonymous_11)","decl":{"start":{"line":168,"column":33},"end":{"line":168,"column":34}},"loc":{"start":{"line":168,"column":47},"end":{"line":168,"column":75}}},"12":{"name":"(anonymous_12)","decl":{"start":{"line":170,"column":43},"end":{"line":170,"column":46}},"loc":{"start":{"line":170,"column":48},"end":{"line":173,"column":7}}},"13":{"name":"(anonymous_13)","decl":{"start":{"line":177,"column":9},"end":{"line":177,"column":14}},"loc":{"start":{"line":177,"column":19},"end":{"line":188,"column":3}}},"14":{"name":"(anonymous_14)","decl":{"start":{"line":179,"column":25},"end":{"line":179,"column":26}},"loc":{"start":{"line":179,"column":37},"end":{"line":185,"column":7}}},"15":{"name":"(anonymous_15)","decl":{"start":{"line":180,"column":27},"end":{"line":180,"column":30}},"loc":{"start":{"line":180,"column":32},"end":{"line":184,"column":9}}}},"branchMap":{"0":{"loc":{"start":{"line":25,"column":14},"end":{"line":25,"column":40}},"type":"default-arg","locations":[{"start":{"line":25,"column":38},"end":{"line":25,"column":40}}]},"1":{"loc":{"start":{"line":27,"column":12},"end":{"line":27,"column":31}},"type":"binary-expr","locations":[{"start":{"line":27,"column":12},"end":{"line":27,"column":23}},{"start":{"line":27,"column":27},"end":{"line":27,"column":31}}]},"2":{"loc":{"start":{"line":28,"column":19},"end":{"line":28,"column":45}},"type":"binary-expr","locations":[{"start":{"line":28,"column":19},"end":{"line":28,"column":37}},{"start":{"line":28,"column":41},"end":{"line":28,"column":45}}]},"3":{"loc":{"start":{"line":29,"column":19},"end":{"line":29,"column":44}},"type":"binary-expr","locations":[{"start":{"line":29,"column":19},"end":{"line":29,"column":37}},{"start":{"line":29,"column":41},"end":{"line":29,"column":44}}]},"4":{"loc":{"start":{"line":31,"column":19},"end":{"line":31,"column":45}},"type":"binary-expr","locations":[{"start":{"line":31,"column":19},"end":{"line":31,"column":37}},{"start":{"line":31,"column":41},"end":{"line":31,"column":45}}]},"5":{"loc":{"start":{"line":32,"column":19},"end":{"line":32,"column":62}},"type":"binary-expr","locations":[{"start":{"line":32,"column":19},"end":{"line":32,"column":37}},{"start":{"line":32,"column":41},"end":{"line":32,"column":62}}]},"6":{"loc":{"start":{"line":33,"column":21},"end":{"line":33,"column":66}},"type":"binary-expr","locations":[{"start":{"line":33,"column":21},"end":{"line":33,"column":41}},{"start":{"line":33,"column":45},"end":{"line":33,"column":66}}]},"7":{"loc":{"start":{"line":65,"column":4},"end":{"line":65,"column":13}},"type":"default-arg","locations":[{"start":{"line":65,"column":12},"end":{"line":65,"column":13}}]},"8":{"loc":{"start":{"line":67,"column":4},"end":{"line":69,"column":null}},"type":"if","locations":[{"start":{"line":67,"column":4},"end":{"line":69,"column":null}}]},"9":{"loc":{"start":{"line":83,"column":33},"end":{"line":83,"column":47}},"type":"binary-expr","locations":[{"start":{"line":83,"column":33},"end":{"line":83,"column":41}},{"start":{"line":83,"column":45},"end":{"line":83,"column":47}}]},"10":{"loc":{"start":{"line":84,"column":23},"end":{"line":84,"column":48}},"type":"binary-expr","locations":[{"start":{"line":84,"column":23},"end":{"line":84,"column":41}},{"start":{"line":84,"column":45},"end":{"line":84,"column":48}}]},"11":{"loc":{"start":{"line":86,"column":6},"end":{"line":91,"column":null}},"type":"if","locations":[{"start":{"line":86,"column":6},"end":{"line":91,"column":null}}]},"12":{"loc":{"start":{"line":94,"column":6},"end":{"line":97,"column":null}},"type":"if","locations":[{"start":{"line":94,"column":6},"end":{"line":97,"column":null}}]},"13":{"loc":{"start":{"line":99,"column":6},"end":{"line":102,"column":null}},"type":"if","locations":[{"start":{"line":99,"column":6},"end":{"line":102,"column":null}}]},"14":{"loc":{"start":{"line":106,"column":24},"end":{"line":106,"column":83}},"type":"cond-expr","locations":[{"start":{"line":106,"column":49},"end":{"line":106,"column":54}},{"start":{"line":106,"column":57},"end":{"line":106,"column":83}}]},"15":{"loc":{"start":{"line":114,"column":25},"end":{"line":114,"column":61}},"type":"binary-expr","locations":[{"start":{"line":114,"column":25},"end":{"line":114,"column":53}},{"start":{"line":114,"column":57},"end":{"line":114,"column":61}}]},"16":{"loc":{"start":{"line":115,"column":24},"end":{"line":115,"column":64}},"type":"binary-expr","locations":[{"start":{"line":115,"column":24},"end":{"line":115,"column":51}},{"start":{"line":115,"column":55},"end":{"line":115,"column":64}}]},"17":{"loc":{"start":{"line":120,"column":4},"end":{"line":124,"column":null}},"type":"if","locations":[{"start":{"line":120,"column":4},"end":{"line":124,"column":null}}]},"18":{"loc":{"start":{"line":133,"column":27},"end":{"line":133,"column":64}},"type":"binary-expr","locations":[{"start":{"line":133,"column":27},"end":{"line":133,"column":58}},{"start":{"line":133,"column":62},"end":{"line":133,"column":64}}]},"19":{"loc":{"start":{"line":134,"column":4},"end":{"line":140,"column":null}},"type":"if","locations":[{"start":{"line":134,"column":4},"end":{"line":140,"column":null}},{"start":{"line":138,"column":11},"end":{"line":140,"column":null}}]},"20":{"loc":{"start":{"line":134,"column":8},"end":{"line":134,"column":66}},"type":"binary-expr","locations":[{"start":{"line":134,"column":8},"end":{"line":134,"column":31}},{"start":{"line":134,"column":35},"end":{"line":134,"column":66}}]},"21":{"loc":{"start":{"line":178,"column":4},"end":{"line":186,"column":null}},"type":"if","locations":[{"start":{"line":178,"column":4},"end":{"line":186,"column":null}}]}},"s":{"0":0,"1":0,"2":0,"3":0,"4":0,"5":0,"6":0,"7":0,"8":0,"9":0,"10":0,"11":0,"12":0,"13":0,"14":0,"15":0,"16":0,"17":0,"18":0,"19":0,"20":0,"21":0,"22":0,"23":0,"24":0,"25":0,"26":0,"27":0,"28":0,"29":0,"30":0,"31":0,"32":0,"33":0,"34":0,"35":0,"36":0,"37":0,"38":0,"39":0,"40":0,"41":0,"42":0,"43":0,"44":0,"45":0,"46":0,"47":0,"48":0,"49":0,"50":0,"51":0,"52":0,"53":0,"54":0,"55":0,"56":0,"57":0,"58":0,"59":0,"60":0,"61":0,"62":0,"63":0,"64":0,"65":0,"66":0,"67":0,"68":0},"f":{"0":0,"1":0,"2":0,"3":0,"4":0,"5":0,"6":0,"7":0,"8":0,"9":0,"10":0,"11":0,"12":0,"13":0,"14":0,"15":0},"b":{"0":[0],"1":[0,0],"2":[0,0],"3":[0,0],"4":[0,0],"5":[0,0],"6":[0,0],"7":[0],"8":[0],"9":[0,0],"10":[0,0],"11":[0],"12":[0],"13":[0],"14":[0,0],"15":[0,0],"16":[0,0],"17":[0],"18":[0,0],"19":[0,0],"20":[0,0],"21":[0]}}
,"C:\\Users\\OBINexusComputing\\Projects\\obinexuscomputing\\pkg\\aerossr\\src\\middlewares\\SecurityMiddleware.ts": {"path":"C:\\Users\\OBINexusComputing\\Projects\\obinexuscomputing\\pkg\\aerossr\\src\\middlewares\\SecurityMiddleware.ts","statementMap":{"0":{"start":{"line":8,"column":4},"end":{"line":16,"column":7}},"1":{"start":{"line":9,"column":20},"end":{"line":9,"column":47}},"2":{"start":{"line":10,"column":6},"end":{"line":14,"column":null}},"3":{"start":{"line":11,"column":8},"end":{"line":11,"column":61}},"4":{"start":{"line":12,"column":8},"end":{"line":12,"column":49}},"5":{"start":{"line":13,"column":8},"end":{"line":13,"column":66}},"6":{"start":{"line":15,"column":6},"end":{"line":15,"column":16}},"7":{"start":{"line":23,"column":21},"end":{"line":23,"column":76}},"8":{"start":{"line":25,"column":4},"end":{"line":47,"column":6}},"9":{"start":{"line":26,"column":6},"end":{"line":46,"column":9}},"10":{"start":{"line":27,"column":19},"end":{"line":27,"column":49}},"11":{"start":{"line":28,"column":20},"end":{"line":28,"column":30}},"12":{"start":{"line":29,"column":23},"end":{"line":29,"column":71}},"13":{"start":{"line":31,"column":8},"end":{"line":34,"column":null}},"14":{"start":{"line":32,"column":10},"end":{"line":32,"column":57}},"15":{"start":{"line":33,"column":10},"end":{"line":33,"column":27}},"16":{"start":{"line":36,"column":8},"end":{"line":36,"column":26}},"17":{"start":{"line":37,"column":8},"end":{"line":37,"column":33}},"18":{"start":{"line":39,"column":8},"end":{"line":43,"column":null}},"19":{"start":{"line":40,"column":10},"end":{"line":40,"column":63}},"20":{"start":{"line":41,"column":10},"end":{"line":41,"column":39}},"21":{"start":{"line":42,"column":10},"end":{"line":42,"column":56}},"22":{"start":{"line":45,"column":8},"end":{"line":45,"column":18}},"23":{"start":{"line":54,"column":4},"end":{"line":60,"column":7}},"24":{"start":{"line":55,"column":6},"end":{"line":55,"column":57}},"25":{"start":{"line":56,"column":6},"end":{"line":56,"column":47}},"26":{"start":{"line":57,"column":6},"end":{"line":57,"column":88}},"27":{"start":{"line":58,"column":6},"end":{"line":58,"column":69}},"28":{"start":{"line":59,"column":6},"end":{"line":59,"column":16}},"29":{"start":{"line":67,"column":4},"end":{"line":71,"column":7}},"30":{"start":{"line":70,"column":6},"end":{"line":70,"column":16}}},"fnMap":{"0":{"name":"(anonymous_0)","decl":{"start":{"line":7,"column":2},"end":{"line":7,"column":8}},"loc":{"start":{"line":7,"column":71},"end":{"line":17,"column":3}}},"1":{"name":"(anonymous_1)","decl":{"start":{"line":8,"column":23},"end":{"line":8,"column":24}},"loc":{"start":{"line":8,"column":43},"end":{"line":16,"column":5}}},"2":{"name":"(anonymous_2)","decl":{"start":{"line":22,"column":2},"end":{"line":22,"column":8}},"loc":{"start":{"line":22,"column":50},"end":{"line":48,"column":3}}},"3":{"name":"(anonymous_3)","decl":{"start":{"line":25,"column":11},"end":{"line":25,"column":16}},"loc":{"start":{"line":25,"column":45},"end":{"line":47,"column":5}}},"4":{"name":"(anonymous_4)","decl":{"start":{"line":26,"column":25},"end":{"line":26,"column":26}},"loc":{"start":{"line":26,"column":45},"end":{"line":46,"column":7}}},"5":{"name":"(anonymous_5)","decl":{"start":{"line":53,"column":2},"end":{"line":53,"column":8}},"loc":{"start":{"line":53,"column":72},"end":{"line":61,"column":3}}},"6":{"name":"(anonymous_6)","decl":{"start":{"line":54,"column":23},"end":{"line":54,"column":24}},"loc":{"start":{"line":54,"column":35},"end":{"line":60,"column":5}}},"7":{"name":"(anonymous_7)","decl":{"start":{"line":66,"column":2},"end":{"line":66,"column":8}},"loc":{"start":{"line":66,"column":70},"end":{"line":72,"column":3}}},"8":{"name":"(anonymous_8)","decl":{"start":{"line":67,"column":23},"end":{"line":67,"column":24}},"loc":{"start":{"line":67,"column":35},"end":{"line":71,"column":5}}}},"branchMap":{"0":{"loc":{"start":{"line":10,"column":6},"end":{"line":14,"column":null}},"type":"if","locations":[{"start":{"line":10,"column":6},"end":{"line":14,"column":null}}]},"1":{"loc":{"start":{"line":10,"column":10},"end":{"line":10,"column":47}},"type":"binary-expr","locations":[{"start":{"line":10,"column":10},"end":{"line":10,"column":16}},{"start":{"line":10,"column":20},"end":{"line":10,"column":47}}]},"2":{"loc":{"start":{"line":27,"column":19},"end":{"line":27,"column":49}},"type":"binary-expr","locations":[{"start":{"line":27,"column":19},"end":{"line":27,"column":43}},{"start":{"line":27,"column":47},"end":{"line":27,"column":49}}]},"3":{"loc":{"start":{"line":29,"column":23},"end":{"line":29,"column":71}},"type":"binary-expr","locations":[{"start":{"line":29,"column":23},"end":{"line":29,"column":39}},{"start":{"line":29,"column":43},"end":{"line":29,"column":71}}]},"4":{"loc":{"start":{"line":31,"column":8},"end":{"line":34,"column":null}},"type":"if","locations":[{"start":{"line":31,"column":8},"end":{"line":34,"column":null}}]},"5":{"loc":{"start":{"line":39,"column":8},"end":{"line":43,"column":null}},"type":"if","locations":[{"start":{"line":39,"column":8},"end":{"line":43,"column":null}}]}},"s":{"0":0,"1":0,"2":0,"3":0,"4":0,"5":0,"6":0,"7":0,"8":0,"9":0,"10":0,"11":0,"12":0,"13":0,"14":0,"15":0,"16":0,"17":0,"18":0,"19":0,"20":0,"21":0,"22":0,"23":0,"24":0,"25":0,"26":0,"27":0,"28":0,"29":0,"30":0},"f":{"0":0,"1":0,"2":0,"3":0,"4":0,"5":0,"6":0,"7":0,"8":0},"b":{"0":[0],"1":[0,0],"2":[0,0],"3":[0,0],"4":[0],"5":[0]}}
,"C:\\Users\\OBINexusComputing\\Projects\\obinexuscomputing\\pkg\\aerossr\\src\\middlewares\\StaticFileMiddleware.ts": {"path":"C:\\Users\\OBINexusComputing\\Projects\\obinexuscomputing\\pkg\\aerossr\\src\\middlewares\\StaticFileMiddleware.ts","statementMap":{"0":{"start":{"line":10,"column":18},"end":{"line":10,"column":33}},"1":{"start":{"line":21,"column":4},"end":{"line":21,"column":29}},"2":{"start":{"line":22,"column":4},"end":{"line":22,"column":42}},"3":{"start":{"line":23,"column":4},"end":{"line":23,"column":49}},"4":{"start":{"line":24,"column":4},"end":{"line":24,"column":49}},"5":{"start":{"line":25,"column":4},"end":{"line":25,"column":53}},"6":{"start":{"line":26,"column":4},"end":{"line":26,"column":39}},"7":{"start":{"line":35,"column":21},"end":{"line":35,"column":75}},"8":{"start":{"line":37,"column":17},"end":{"line":37,"column":92}},"9":{"start":{"line":38,"column":4},"end":{"line":42,"column":null}},"10":{"start":{"line":39,"column":6},"end":{"line":39,"column":25}},"11":{"start":{"line":40,"column":6},"end":{"line":40,"column":16}},"12":{"start":{"line":41,"column":6},"end":{"line":41,"column":13}},"13":{"start":{"line":44,"column":44},"end":{"line":48,"column":6}},"14":{"start":{"line":50,"column":4},"end":{"line":52,"column":null}},"15":{"start":{"line":51,"column":6},"end":{"line":51,"column":29}},"16":{"start":{"line":54,"column":20},"end":{"line":54,"column":44}},"17":{"start":{"line":56,"column":4},"end":{"line":66,"column":null}},"18":{"start":{"line":57,"column":29},"end":{"line":57,"column":65}},"19":{"start":{"line":58,"column":6},"end":{"line":65,"column":null}},"20":{"start":{"line":59,"column":27},"end":{"line":59,"column":51}},"21":{"start":{"line":60,"column":8},"end":{"line":60,"column":45}},"22":{"start":{"line":61,"column":8},"end":{"line":61,"column":44}},"23":{"start":{"line":62,"column":8},"end":{"line":62,"column":36}},"24":{"start":{"line":63,"column":8},"end":{"line":63,"column":28}},"25":{"start":{"line":64,"column":8},"end":{"line":64,"column":15}},"26":{"start":{"line":68,"column":4},"end":{"line":68,"column":32}},"27":{"start":{"line":69,"column":4},"end":{"line":69,"column":21}},"28":{"start":{"line":73,"column":4},"end":{"line":73,"column":86}},"29":{"start":{"line":77,"column":46},"end":{"line":93,"column":6}},"30":{"start":{"line":94,"column":4},"end":{"line":94,"column":56}},"31":{"start":{"line":98,"column":4},"end":{"line":146,"column":6}},"32":{"start":{"line":99,"column":6},"end":{"line":145,"column":null}},"33":{"start":{"line":100,"column":8},"end":{"line":102,"column":null}},"34":{"start":{"line":101,"column":10},"end":{"line":101,"column":24}},"35":{"start":{"line":104,"column":24},"end":{"line":104,"column":87}},"36":{"start":{"line":106,"column":8},"end":{"line":113,"column":null}},"37":{"start":{"line":106,"column":72},"end":{"line":106,"column":89}},"38":{"start":{"line":107,"column":10},"end":{"line":111,"column":null}},"39":{"start":{"line":108,"column":12},"end":{"line":108,"column":31}},"40":{"start":{"line":109,"column":12},"end":{"line":109,"column":33}},"41":{"start":{"line":110,"column":12},"end":{"line":110,"column":19}},"42":{"start":{"line":112,"column":10},"end":{"line":112,"column":24}},"43":{"start":{"line":115,"column":25},"end":{"line":115,"column":54}},"44":{"start":{"line":117,"column":8},"end":{"line":142,"column":null}},"45":{"start":{"line":118,"column":24},"end":{"line":118,"column":44}},"46":{"start":{"line":120,"column":10},"end":{"line":134,"column":null}},"47":{"start":{"line":121,"column":12},"end":{"line":132,"column":null}},"48":{"start":{"line":122,"column":32},"end":{"line":122,"column":62}},"49":{"start":{"line":123,"column":14},"end":{"line":131,"column":null}},"50":{"start":{"line":124,"column":35},"end":{"line":124,"column":56}},"51":{"start":{"line":125,"column":16},"end":{"line":128,"column":null}},"52":{"start":{"line":126,"column":18},"end":{"line":126,"column":72}},"53":{"start":{"line":127,"column":18},"end":{"line":127,"column":25}},"54":{"start":{"line":130,"column":16},"end":{"line":130,"column":25}},"55":{"start":{"line":133,"column":12},"end":{"line":133,"column":26}},"56":{"start":{"line":136,"column":10},"end":{"line":139,"column":null}},"57":{"start":{"line":137,"column":12},"end":{"line":137,"column":60}},"58":{"start":{"line":138,"column":12},"end":{"line":138,"column":19}},"59":{"start":{"line":141,"column":10},"end":{"line":141,"column":24}},"60":{"start":{"line":144,"column":8},"end":{"line":144,"column":22}}},"fnMap":{"0":{"name":"(anonymous_0)","decl":{"start":{"line":20,"column":2},"end":{"line":20,"column":14}},"loc":{"start":{"line":20,"column":40},"end":{"line":27,"column":3}}},"1":{"name":"(anonymous_1)","decl":{"start":{"line":29,"column":10},"end":{"line":29,"column":15}},"loc":{"start":{"line":33,"column":23},"end":{"line":70,"column":3}}},"2":{"name":"(anonymous_2)","decl":{"start":{"line":72,"column":10},"end":{"line":72,"column":24}},"loc":{"start":{"line":72,"column":41},"end":{"line":74,"column":3}}},"3":{"name":"(anonymous_3)","decl":{"start":{"line":76,"column":10},"end":{"line":76,"column":21}},"loc":{"start":{"line":76,"column":33},"end":{"line":95,"column":3}}},"4":{"name":"(anonymous_4)","decl":{"start":{"line":97,"column":2},"end":{"line":97,"column":12}},"loc":{"start":{"line":97,"column":12},"end":{"line":147,"column":3}}},"5":{"name":"(anonymous_5)","decl":{"start":{"line":98,"column":11},"end":{"line":98,"column":16}},"loc":{"start":{"line":98,"column":90},"end":{"line":146,"column":5}}},"6":{"name":"(anonymous_6)","decl":{"start":{"line":106,"column":65},"end":{"line":106,"column":66}},"loc":{"start":{"line":106,"column":72},"end":{"line":106,"column":89}}}},"branchMap":{"0":{"loc":{"start":{"line":22,"column":18},"end":{"line":22,"column":41}},"type":"binary-expr","locations":[{"start":{"line":22,"column":18},"end":{"line":22,"column":32}},{"start":{"line":22,"column":36},"end":{"line":22,"column":41}}]},"1":{"loc":{"start":{"line":23,"column":17},"end":{"line":23,"column":48}},"type":"binary-expr","locations":[{"start":{"line":23,"column":17},"end":{"line":23,"column":30}},{"start":{"line":23,"column":34},"end":{"line":23,"column":48}}]},"2":{"loc":{"start":{"line":24,"column":20},"end":{"line":24,"column":48}},"type":"binary-expr","locations":[{"start":{"line":24,"column":20},"end":{"line":24,"column":36}},{"start":{"line":24,"column":40},"end":{"line":24,"column":48}}]},"3":{"loc":{"start":{"line":37,"column":17},"end":{"line":37,"column":92}},"type":"cond-expr","locations":[{"start":{"line":37,"column":29},"end":{"line":37,"column":85}},{"start":{"line":37,"column":88},"end":{"line":37,"column":92}}]},"4":{"loc":{"start":{"line":38,"column":4},"end":{"line":42,"column":null}},"type":"if","locations":[{"start":{"line":38,"column":4},"end":{"line":42,"column":null}}]},"5":{"loc":{"start":{"line":38,"column":8},"end":{"line":38,"column":53}},"type":"binary-expr","locations":[{"start":{"line":38,"column":8},"end":{"line":38,"column":12}},{"start":{"line":38,"column":16},"end":{"line":38,"column":53}}]},"6":{"loc":{"start":{"line":50,"column":4},"end":{"line":52,"column":null}},"type":"if","locations":[{"start":{"line":50,"column":4},"end":{"line":52,"column":null}}]},"7":{"loc":{"start":{"line":56,"column":4},"end":{"line":66,"column":null}},"type":"if","locations":[{"start":{"line":56,"column":4},"end":{"line":66,"column":null}}]},"8":{"loc":{"start":{"line":56,"column":8},"end":{"line":56,"column":82}},"type":"binary-expr","locations":[{"start":{"line":56,"column":8},"end":{"line":56,"column":24}},{"start":{"line":56,"column":28},"end":{"line":56,"column":57}},{"start":{"line":56,"column":61},"end":{"line":56,"column":82}}]},"9":{"loc":{"start":{"line":57,"column":29},"end":{"line":57,"column":65}},"type":"binary-expr","locations":[{"start":{"line":57,"column":29},"end":{"line":57,"column":59}},{"start":{"line":57,"column":63},"end":{"line":57,"column":65}}]},"10":{"loc":{"start":{"line":58,"column":6},"end":{"line":65,"column":null}},"type":"if","locations":[{"start":{"line":58,"column":6},"end":{"line":65,"column":null}}]},"11":{"loc":{"start":{"line":94,"column":11},"end":{"line":94,"column":55}},"type":"binary-expr","locations":[{"start":{"line":94,"column":11},"end":{"line":94,"column":25}},{"start":{"line":94,"column":29},"end":{"line":94,"column":55}}]},"12":{"loc":{"start":{"line":100,"column":8},"end":{"line":102,"column":null}},"type":"if","locations":[{"start":{"line":100,"column":8},"end":{"line":102,"column":null}}]},"13":{"loc":{"start":{"line":100,"column":12},"end":{"line":100,"column":57}},"type":"binary-expr","locations":[{"start":{"line":100,"column":12},"end":{"line":100,"column":32}},{"start":{"line":100,"column":36},"end":{"line":100,"column":57}}]},"14":{"loc":{"start":{"line":104,"column":58},"end":{"line":104,"column":71}},"type":"binary-expr","locations":[{"start":{"line":104,"column":58},"end":{"line":104,"column":65}},{"start":{"line":104,"column":69},"end":{"line":104,"column":71}}]},"15":{"loc":{"start":{"line":106,"column":8},"end":{"line":113,"column":null}},"type":"if","locations":[{"start":{"line":106,"column":8},"end":{"line":113,"column":null}}]},"16":{"loc":{"start":{"line":106,"column":12},"end":{"line":106,"column":90}},"type":"binary-expr","locations":[{"start":{"line":106,"column":12},"end":{"line":106,"column":37}},{"start":{"line":106,"column":41},"end":{"line":106,"column":90}}]},"17":{"loc":{"start":{"line":107,"column":10},"end":{"line":111,"column":null}},"type":"if","locations":[{"start":{"line":107,"column":10},"end":{"line":111,"column":null}}]},"18":{"loc":{"start":{"line":120,"column":10},"end":{"line":134,"column":null}},"type":"if","locations":[{"start":{"line":120,"column":10},"end":{"line":134,"column":null}}]},"19":{"loc":{"start":{"line":125,"column":16},"end":{"line":128,"column":null}},"type":"if","locations":[{"start":{"line":125,"column":16},"end":{"line":128,"column":null}}]},"20":{"loc":{"start":{"line":136,"column":10},"end":{"line":139,"column":null}},"type":"if","locations":[{"start":{"line":136,"column":10},"end":{"line":139,"column":null}}]}},"s":{"0":0,"1":0,"2":0,"3":0,"4":0,"5":0,"6":0,"7":0,"8":0,"9":0,"10":0,"11":0,"12":0,"13":0,"14":0,"15":0,"16":0,"17":0,"18":0,"19":0,"20":0,"21":0,"22":0,"23":0,"24":0,"25":0,"26":0,"27":0,"28":0,"29":0,"30":0,"31":0,"32":0,"33":0,"34":0,"35":0,"36":0,"37":0,"38":0,"39":0,"40":0,"41":0,"42":0,"43":0,"44":0,"45":0,"46":0,"47":0,"48":0,"49":0,"50":0,"51":0,"52":0,"53":0,"54":0,"55":0,"56":0,"57":0,"58":0,"59":0,"60":0},"f":{"0":0,"1":0,"2":0,"3":0,"4":0,"5":0,"6":0},"b":{"0":[0,0],"1":[0,0],"2":[0,0],"3":[0,0],"4":[0],"5":[0,0],"6":[0],"7":[0],"8":[0,0,0],"9":[0,0],"10":[0],"11":[0,0],"12":[0],"13":[0,0],"14":[0,0],"15":[0],"16":[0,0],"17":[0],"18":[0],"19":[0],"20":[0]}}
,"C:\\Users\\OBINexusComputing\\Projects\\obinexuscomputing\\pkg\\aerossr\\src\\utils\\bundler.ts": {"path":"C:\\Users\\OBINexusComputing\\Projects\\obinexuscomputing\\pkg\\aerossr\\src\\utils\\bundler.ts","statementMap":{"0":{"start":{"line":8,"column":2},"end":{"line":8,"column":38}},"1":{"start":{"line":8,"column":26},"end":{"line":8,"column":38}},"2":{"start":{"line":10,"column":2},"end":{"line":10,"column":21}},"3":{"start":{"line":11,"column":18},"end":{"line":11,"column":54}},"4":{"start":{"line":13,"column":24},"end":{"line":13,"column":83}},"5":{"start":{"line":14,"column":2},"end":{"line":25,"column":null}},"6":{"start":{"line":15,"column":4},"end":{"line":24,"column":null}},"7":{"start":{"line":16,"column":22},"end":{"line":16,"column":58}},"8":{"start":{"line":17,"column":6},"end":{"line":23,"column":null}},"9":{"start":{"line":18,"column":25},"end":{"line":18,"column":70}},"10":{"start":{"line":20,"column":8},"end":{"line":22,"column":null}},"11":{"start":{"line":21,"column":10},"end":{"line":21,"column":52}},"12":{"start":{"line":27,"column":2},"end":{"line":27,"column":14}},"13":{"start":{"line":31,"column":2},"end":{"line":34,"column":32}},"14":{"start":{"line":38,"column":24},"end":{"line":38,"column":58}},"15":{"start":{"line":39,"column":23},"end":{"line":39,"column":63}},"16":{"start":{"line":41,"column":15},"end":{"line":41,"column":17}},"17":{"start":{"line":42,"column":2},"end":{"line":45,"column":null}},"18":{"start":{"line":43,"column":20},"end":{"line":43,"column":51}},"19":{"start":{"line":44,"column":4},"end":{"line":44,"column":76}},"20":{"start":{"line":47,"column":2},"end":{"line":47,"column":30}}},"fnMap":{"0":{"name":"resolveDependencies","decl":{"start":{"line":4,"column":22},"end":{"line":4,"column":41}},"loc":{"start":{"line":6,"column":31},"end":{"line":28,"column":1}}},"1":{"name":"minifyBundle","decl":{"start":{"line":30,"column":16},"end":{"line":30,"column":28}},"loc":{"start":{"line":30,"column":41},"end":{"line":35,"column":1}}},"2":{"name":"generateBundle","decl":{"start":{"line":37,"column":22},"end":{"line":37,"column":36}},"loc":{"start":{"line":37,"column":76},"end":{"line":48,"column":1}}}},"branchMap":{"0":{"loc":{"start":{"line":6,"column":2},"end":{"line":6,"column":31}},"type":"default-arg","locations":[{"start":{"line":6,"column":22},"end":{"line":6,"column":31}}]},"1":{"loc":{"start":{"line":8,"column":2},"end":{"line":8,"column":38}},"type":"if","locations":[{"start":{"line":8,"column":2},"end":{"line":8,"column":38}}]},"2":{"loc":{"start":{"line":14,"column":2},"end":{"line":25,"column":null}},"type":"if","locations":[{"start":{"line":14,"column":2},"end":{"line":25,"column":null}}]},"3":{"loc":{"start":{"line":17,"column":6},"end":{"line":23,"column":null}},"type":"if","locations":[{"start":{"line":17,"column":6},"end":{"line":23,"column":null}}]},"4":{"loc":{"start":{"line":20,"column":8},"end":{"line":22,"column":null}},"type":"if","locations":[{"start":{"line":20,"column":8},"end":{"line":22,"column":null}}]},"5":{"loc":{"start":{"line":20,"column":12},"end":{"line":20,"column":64}},"type":"binary-expr","locations":[{"start":{"line":20,"column":12},"end":{"line":20,"column":36}},{"start":{"line":20,"column":40},"end":{"line":20,"column":64}}]}},"s":{"0":0,"1":0,"2":0,"3":0,"4":0,"5":0,"6":0,"7":0,"8":0,"9":0,"10":0,"11":0,"12":0,"13":0,"14":0,"15":0,"16":0,"17":0,"18":0,"19":0,"20":0},"f":{"0":0,"1":0,"2":0},"b":{"0":[0],"1":[0],"2":[0],"3":[0],"4":[0],"5":[0,0]}}
,"C:\\Users\\OBINexusComputing\\Projects\\obinexuscomputing\\pkg\\aerossr\\src\\utils\\cache.ts": {"path":"C:\\Users\\OBINexusComputing\\Projects\\obinexuscomputing\\pkg\\aerossr\\src\\utils\\cache.ts","statementMap":{"0":{"start":{"line":4,"column":16},"end":{"line":4,"column":36}},"1":{"start":{"line":6,"column":2},"end":{"line":10,"column":4}},"2":{"start":{"line":7,"column":41},"end":{"line":7,"column":55}},"3":{"start":{"line":8,"column":44},"end":{"line":8,"column":66}},"4":{"start":{"line":9,"column":23},"end":{"line":9,"column":36}}},"fnMap":{"0":{"name":"createCache","decl":{"start":{"line":3,"column":16},"end":{"line":3,"column":27}},"loc":{"start":{"line":3,"column":27},"end":{"line":11,"column":1}}},"1":{"name":"(anonymous_1)","decl":{"start":{"line":7,"column":9},"end":{"line":7,"column":10}},"loc":{"start":{"line":7,"column":41},"end":{"line":7,"column":55}}},"2":{"name":"(anonymous_2)","decl":{"start":{"line":8,"column":9},"end":{"line":8,"column":10}},"loc":{"start":{"line":8,"column":41},"end":{"line":8,"column":68}}},"3":{"name":"(anonymous_3)","decl":{"start":{"line":9,"column":11},"end":{"line":9,"column":20}},"loc":{"start":{"line":9,"column":23},"end":{"line":9,"column":36}}}},"branchMap":{},"s":{"0":0,"1":0,"2":0,"3":0,"4":0},"f":{"0":0,"1":0,"2":0,"3":0},"b":{}}
,"C:\\Users\\OBINexusComputing\\Projects\\obinexuscomputing\\pkg\\aerossr\\src\\utils\\cors.ts": {"path":"C:\\Users\\OBINexusComputing\\Projects\\obinexuscomputing\\pkg\\aerossr\\src\\utils\\cors.ts","statementMap":{"0":{"start":{"line":4,"column":2},"end":{"line":4,"column":56}},"1":{"start":{"line":5,"column":2},"end":{"line":5,"column":76}},"2":{"start":{"line":6,"column":2},"end":{"line":6,"column":79}},"3":{"start":{"line":7,"column":2},"end":{"line":7,"column":51}}},"fnMap":{"0":{"name":"setCorsHeaders","decl":{"start":{"line":3,"column":16},"end":{"line":3,"column":30}},"loc":{"start":{"line":3,"column":65},"end":{"line":8,"column":1}}}},"branchMap":{"0":{"loc":{"start":{"line":3,"column":52},"end":{"line":3,"column":65}},"type":"default-arg","locations":[{"start":{"line":3,"column":62},"end":{"line":3,"column":65}}]}},"s":{"0":0,"1":0,"2":0,"3":0},"f":{"0":0},"b":{"0":[0]}}
,"C:\\Users\\OBINexusComputing\\Projects\\obinexuscomputing\\pkg\\aerossr\\src\\utils\\errorHandler.ts": {"path":"C:\\Users\\OBINexusComputing\\Projects\\obinexuscomputing\\pkg\\aerossr\\src\\utils\\errorHandler.ts","statementMap":{"0":{"start":{"line":4,"column":2},"end":{"line":21,"column":4}},"1":{"start":{"line":29,"column":2},"end":{"line":29,"column":40}},"2":{"start":{"line":31,"column":21},"end":{"line":31,"column":44}},"3":{"start":{"line":32,"column":20},"end":{"line":32,"column":64}},"4":{"start":{"line":34,"column":2},"end":{"line":37,"column":5}},"5":{"start":{"line":38,"column":2},"end":{"line":38,"column":21}}},"fnMap":{"0":{"name":"generateErrorPage","decl":{"start":{"line":3,"column":16},"end":{"line":3,"column":33}},"loc":{"start":{"line":3,"column":69},"end":{"line":22,"column":1}}},"1":{"name":"handleError","decl":{"start":{"line":24,"column":22},"end":{"line":24,"column":33}},"loc":{"start":{"line":27,"column":21},"end":{"line":39,"column":1}}}},"branchMap":{"0":{"loc":{"start":{"line":31,"column":21},"end":{"line":31,"column":44}},"type":"binary-expr","locations":[{"start":{"line":31,"column":21},"end":{"line":31,"column":37}},{"start":{"line":31,"column":41},"end":{"line":31,"column":44}}]}},"s":{"0":0,"1":0,"2":0,"3":0,"4":0,"5":0},"f":{"0":0,"1":0},"b":{"0":[0,0]}}
,"C:\\Users\\OBINexusComputing\\Projects\\obinexuscomputing\\pkg\\aerossr\\src\\utils\\etag.ts": {"path":"C:\\Users\\OBINexusComputing\\Projects\\obinexuscomputing\\pkg\\aerossr\\src\\utils\\etag.ts","statementMap":{"0":{"start":{"line":5,"column":2},"end":{"line":5,"column":64}}},"fnMap":{"0":{"name":"generateETag","decl":{"start":{"line":4,"column":16},"end":{"line":4,"column":28}},"loc":{"start":{"line":4,"column":53},"end":{"line":6,"column":1}}}},"branchMap":{},"s":{"0":0},"f":{"0":0},"b":{}}
,"C:\\Users\\OBINexusComputing\\Projects\\obinexuscomputing\\pkg\\aerossr\\src\\utils\\html.ts": {"path":"C:\\Users\\OBINexusComputing\\Projects\\obinexuscomputing\\pkg\\aerossr\\src\\utils\\html.ts","statementMap":{"0":{"start":{"line":9,"column":22},"end":{"line":9,"column":49}},"1":{"start":{"line":11,"column":21},"end":{"line":16,"column":6}},"2":{"start":{"line":18,"column":4},"end":{"line":18,"column":57}}},"fnMap":{"0":{"name":"injectMetaTags","decl":{"start":{"line":4,"column":18},"end":{"line":4,"column":32}},"loc":{"start":{"line":7,"column":30},"end":{"line":19,"column":3}}}},"branchMap":{"0":{"loc":{"start":{"line":6,"column":4},"end":{"line":6,"column":23}},"type":"default-arg","locations":[{"start":{"line":6,"column":21},"end":{"line":6,"column":23}}]},"1":{"loc":{"start":{"line":7,"column":4},"end":{"line":7,"column":30}},"type":"default-arg","locations":[{"start":{"line":7,"column":28},"end":{"line":7,"column":30}}]}},"s":{"0":0,"1":0,"2":0},"f":{"0":0},"b":{"0":[0],"1":[0]}}
,"C:\\Users\\OBINexusComputing\\Projects\\obinexuscomputing\\pkg\\aerossr\\src\\utils\\logger.ts": {"path":"C:\\Users\\OBINexusComputing\\Projects\\obinexuscomputing\\pkg\\aerossr\\src\\utils\\logger.ts","statementMap":{"0":{"start":{"line":10,"column":4},"end":{"line":10,"column":51}},"1":{"start":{"line":12,"column":4},"end":{"line":25,"column":null}},"2":{"start":{"line":13,"column":6},"end":{"line":24,"column":null}},"3":{"start":{"line":14,"column":23},"end":{"line":14,"column":53}},"4":{"start":{"line":15,"column":8},"end":{"line":17,"column":null}},"5":{"start":{"line":16,"column":10},"end":{"line":16,"column":52}},"6":{"start":{"line":18,"column":8},"end":{"line":18,"column":79}},"7":{"start":{"line":20,"column":8},"end":{"line":22,"column":10}},"8":{"start":{"line":23,"column":8},"end":{"line":23,"column":32}},"9":{"start":{"line":29,"column":23},"end":{"line":29,"column":65}},"10":{"start":{"line":30,"column":4},"end":{"line":30,"column":28}},"11":{"start":{"line":32,"column":4},"end":{"line":38,"column":null}},"12":{"start":{"line":33,"column":6},"end":{"line":37,"column":9}},"13":{"start":{"line":34,"column":8},"end":{"line":36,"column":null}},"14":{"start":{"line":35,"column":10},"end":{"line":35,"column":71}},"15":{"start":{"line":42,"column":28},"end":{"line":42,"column":31}},"16":{"start":{"line":43,"column":4},"end":{"line":43,"column":33}}},"fnMap":{"0":{"name":"(anonymous_0)","decl":{"start":{"line":9,"column":2},"end":{"line":9,"column":14}},"loc":{"start":{"line":9,"column":41},"end":{"line":26,"column":3}}},"1":{"name":"(anonymous_1)","decl":{"start":{"line":28,"column":2},"end":{"line":28,"column":5}},"loc":{"start":{"line":28,"column":21},"end":{"line":39,"column":3}}},"2":{"name":"(anonymous_2)","decl":{"start":{"line":33,"column":57},"end":{"line":33,"column":58}},"loc":{"start":{"line":33,"column":65},"end":{"line":37,"column":7}}},"3":{"name":"(anonymous_3)","decl":{"start":{"line":41,"column":2},"end":{"line":41,"column":12}},"loc":{"start":{"line":41,"column":33},"end":{"line":44,"column":3}}}},"branchMap":{"0":{"loc":{"start":{"line":9,"column":14},"end":{"line":9,"column":41}},"type":"default-arg","locations":[{"start":{"line":9,"column":39},"end":{"line":9,"column":41}}]},"1":{"loc":{"start":{"line":10,"column":23},"end":{"line":10,"column":50}},"type":"binary-expr","locations":[{"start":{"line":10,"column":23},"end":{"line":10,"column":42}},{"start":{"line":10,"column":46},"end":{"line":10,"column":50}}]},"2":{"loc":{"start":{"line":12,"column":4},"end":{"line":25,"column":null}},"type":"if","locations":[{"start":{"line":12,"column":4},"end":{"line":25,"column":null}}]},"3":{"loc":{"start":{"line":15,"column":8},"end":{"line":17,"column":null}},"type":"if","locations":[{"start":{"line":15,"column":8},"end":{"line":17,"column":null}}]},"4":{"loc":{"start":{"line":32,"column":4},"end":{"line":38,"column":null}},"type":"if","locations":[{"start":{"line":32,"column":4},"end":{"line":38,"column":null}}]},"5":{"loc":{"start":{"line":34,"column":8},"end":{"line":36,"column":null}},"type":"if","locations":[{"start":{"line":34,"column":8},"end":{"line":36,"column":null}}]}},"s":{"0":0,"1":0,"2":0,"3":0,"4":0,"5":0,"6":0,"7":0,"8":0,"9":0,"10":0,"11":0,"12":0,"13":0,"14":0,"15":0,"16":0},"f":{"0":0,"1":0,"2":0,"3":0},"b":{"0":[0],"1":[0,0],"2":[0],"3":[0],"4":[0],"5":[0]}}
}
