TN:
SF:src\AeroSSR.ts
FN:24,(anonymous_0)
FN:52,(anonymous_1)
FN:56,(anonymous_2)
FN:60,(anonymous_3)
FN:65,(anonymous_4)
FN:74,(anonymous_5)
FN:77,(anonymous_6)
FN:113,(anonymous_7)
FN:146,(anonymous_8)
FN:168,(anonymous_9)
FN:169,(anonymous_10)
FN:170,(anonymous_11)
FN:172,(anonymous_12)
FN:179,(anonymous_13)
FN:181,(anonymous_14)
FN:182,(anonymous_15)
FNF:16
FNH:13
FNDA:10,(anonymous_0)
FNDA:2,(anonymous_1)
FNDA:4,(anonymous_2)
FNDA:0,(anonymous_3)
FNDA:8,(anonymous_4)
FNDA:2,(anonymous_5)
FNDA:6,(anonymous_6)
FNDA:0,(anonymous_7)
FNDA:0,(anonymous_8)
FNDA:5,(anonymous_9)
FNDA:5,(anonymous_10)
FNDA:6,(anonymous_11)
FNDA:5,(anonymous_12)
FNDA:8,(anonymous_13)
FNDA:5,(anonymous_14)
FNDA:5,(anonymous_15)
DA:1,1
DA:2,1
DA:3,1
DA:4,1
DA:5,1
DA:6,1
DA:7,1
DA:8,1
DA:9,1
DA:10,1
DA:11,1
DA:12,1
DA:13,1
DA:15,1
DA:17,1
DA:22,10
DA:25,10
DA:29,10
DA:46,10
DA:47,10
DA:48,10
DA:49,10
DA:53,2
DA:57,4
DA:61,0
DA:62,0
DA:70,8
DA:71,6
DA:74,2
DA:81,6
DA:82,6
DA:84,6
DA:86,6
DA:87,6
DA:89,6
DA:90,1
DA:91,1
DA:92,1
DA:93,1
DA:96,5
DA:97,5
DA:98,5
DA:99,5
DA:102,0
DA:103,0
DA:104,0
DA:107,0
DA:109,0
DA:118,0
DA:119,0
DA:121,0
DA:122,0
DA:124,0
DA:125,0
DA:126,0
DA:127,0
DA:130,0
DA:131,0
DA:137,0
DA:138,0
DA:139,0
DA:140,0
DA:142,0
DA:151,0
DA:152,0
DA:154,0
DA:159,0
DA:161,0
DA:165,0
DA:169,5
DA:170,6
DA:172,5
DA:173,5
DA:174,5
DA:180,8
DA:181,5
DA:182,5
DA:183,5
DA:184,5
DA:185,5
DA:189,3
DA:193,1
LF:82
LH:54
BRDA:24,0,0,1
BRDA:25,1,0,0
BRDA:25,1,1,10
BRDA:27,2,0,10
BRDA:27,2,1,8
BRDA:30,3,0,10
BRDA:30,3,1,1
BRDA:31,4,0,10
BRDA:31,4,1,9
BRDA:34,5,0,10
BRDA:34,5,1,9
BRDA:35,6,0,10
BRDA:35,6,1,10
BRDA:36,7,0,10
BRDA:36,7,1,10
BRDA:68,8,0,6
BRDA:70,9,0,6
BRDA:86,10,0,6
BRDA:86,10,1,0
BRDA:87,11,0,6
BRDA:87,11,1,0
BRDA:89,12,0,1
BRDA:97,13,0,5
BRDA:102,14,0,0
BRDA:109,15,0,0
BRDA:109,15,1,0
BRDA:118,16,0,0
BRDA:118,16,1,0
BRDA:119,17,0,0
BRDA:119,17,1,0
BRDA:124,18,0,0
BRDA:137,19,0,0
BRDA:137,19,1,0
BRDA:137,20,0,0
BRDA:137,20,1,0
BRDA:180,21,0,5
BRF:36
BRH:21
end_of_record
TN:
SF:src\index.ts
FN:3,(anonymous_5)
FN:4,(anonymous_6)
FNF:2
FNH:1
FNDA:10,(anonymous_5)
FNDA:0,(anonymous_6)
DA:3,11
DA:4,1
DA:5,1
DA:6,1
DA:7,1
DA:8,1
LF:6
LH:6
BRF:0
BRH:0
end_of_record
TN:
SF:src\middlewares\SecurityMiddleware.ts
FN:7,(anonymous_0)
FN:8,(anonymous_1)
FN:22,(anonymous_2)
FN:25,(anonymous_3)
FN:26,(anonymous_4)
FN:53,(anonymous_5)
FN:54,(anonymous_6)
FN:66,(anonymous_7)
FN:67,(anonymous_8)
FNF:9
FNH:0
FNDA:0,(anonymous_0)
FNDA:0,(anonymous_1)
FNDA:0,(anonymous_2)
FNDA:0,(anonymous_3)
FNDA:0,(anonymous_4)
FNDA:0,(anonymous_5)
FNDA:0,(anonymous_6)
FNDA:0,(anonymous_7)
FNDA:0,(anonymous_8)
DA:3,1
DA:8,0
DA:9,0
DA:10,0
DA:11,0
DA:12,0
DA:13,0
DA:15,0
DA:23,0
DA:25,0
DA:26,0
DA:27,0
DA:28,0
DA:29,0
DA:31,0
DA:32,0
DA:33,0
DA:36,0
DA:37,0
DA:39,0
DA:40,0
DA:41,0
DA:42,0
DA:45,0
DA:54,0
DA:55,0
DA:56,0
DA:57,0
DA:58,0
DA:59,0
DA:67,0
DA:70,0
LF:32
LH:1
BRDA:10,0,0,0
BRDA:10,1,0,0
BRDA:10,1,1,0
BRDA:27,2,0,0
BRDA:27,2,1,0
BRDA:29,3,0,0
BRDA:29,3,1,0
BRDA:31,4,0,0
BRDA:39,5,0,0
BRF:9
BRH:0
end_of_record
TN:
SF:src\middlewares\StaticFileMiddleware.ts
FN:20,(anonymous_6)
FN:29,(anonymous_7)
FN:72,(anonymous_8)
FN:76,(anonymous_9)
FN:97,(anonymous_10)
FN:98,(anonymous_11)
FN:106,(anonymous_12)
FNF:7
FNH:6
FNDA:9,(anonymous_6)
FNDA:0,(anonymous_7)
FNDA:3,(anonymous_8)
FNDA:4,(anonymous_9)
FNDA:2,(anonymous_10)
FNDA:2,(anonymous_11)
FNDA:1,(anonymous_12)
DA:1,2
DA:2,2
DA:3,2
DA:4,2
DA:6,2
DA:10,2
DA:12,2
DA:21,9
DA:22,9
DA:23,9
DA:24,9
DA:25,9
DA:26,9
DA:35,0
DA:37,0
DA:38,0
DA:39,0
DA:40,0
DA:41,0
DA:44,0
DA:50,0
DA:51,0
DA:54,0
DA:56,0
DA:57,0
DA:58,0
DA:59,0
DA:60,0
DA:61,0
DA:62,0
DA:63,0
DA:64,0
DA:68,0
DA:69,0
DA:73,3
DA:77,4
DA:94,4
DA:98,2
DA:99,2
DA:100,2
DA:101,1
DA:104,1
DA:106,1
DA:107,0
DA:108,0
DA:109,0
DA:110,0
DA:112,0
DA:115,1
DA:117,1
DA:118,1
DA:120,1
DA:121,0
DA:122,0
DA:123,0
DA:124,0
DA:125,0
DA:126,0
DA:127,0
DA:130,0
DA:133,0
DA:136,0
DA:137,0
DA:138,0
DA:141,1
DA:144,0
LF:66
LH:27
BRDA:22,0,0,9
BRDA:22,0,1,2
BRDA:23,1,0,9
BRDA:23,1,1,9
BRDA:24,2,0,9
BRDA:24,2,1,8
BRDA:37,3,0,0
BRDA:37,3,1,0
BRDA:38,4,0,0
BRDA:38,5,0,0
BRDA:38,5,1,0
BRDA:50,6,0,0
BRDA:56,7,0,0
BRDA:56,8,0,0
BRDA:56,8,1,0
BRDA:56,8,2,0
BRDA:57,9,0,0
BRDA:57,9,1,0
BRDA:58,10,0,0
BRDA:94,11,0,4
BRDA:94,11,1,1
BRDA:100,12,0,1
BRDA:100,13,0,2
BRDA:100,13,1,1
BRDA:104,14,0,1
BRDA:104,14,1,0
BRDA:106,15,0,0
BRDA:106,16,0,1
BRDA:106,16,1,1
BRDA:107,17,0,0
BRDA:120,18,0,0
BRDA:125,19,0,0
BRDA:136,20,0,0
BRF:33
BRH:14
end_of_record
TN:
SF:src\middlewares\index.ts
FNF:0
FNH:0
DA:1,1
DA:2,1
LF:2
LH:2
BRF:0
BRH:0
end_of_record
TN:
SF:src\types\index.ts
FN:126,isPromise
FN:135,isError
FNF:2
FNH:0
FNDA:0,isPromise
FNDA:0,isError
DA:126,1
DA:127,0
DA:135,1
DA:136,0
DA:141,1
DA:142,1
DA:143,1
DA:144,1
DA:145,1
DA:146,1
DA:147,1
DA:148,1
DA:149,1
DA:150,1
LF:14
LH:12
BRDA:128,0,0,0
BRDA:128,0,1,0
BRDA:128,0,2,0
BRDA:128,0,3,0
BRF:4
BRH:0
end_of_record
TN:
SF:src\types\utils\async.ts
FN:3,isPromise
FN:9,ensureAsync
FN:12,(anonymous_2)
FNF:3
FNH:0
FNDA:0,isPromise
FNDA:0,ensureAsync
FNDA:0,(anonymous_2)
DA:4,0
DA:12,0
DA:13,0
DA:14,0
LF:4
LH:0
BRDA:5,0,0,0
BRDA:5,0,1,0
BRDA:5,0,2,0
BRDA:5,0,3,0
BRF:4
BRH:0
end_of_record
TN:
SF:src\utils\async.ts
FN:6,isPromise
FN:15,ensureAsync
FN:18,(anonymous_2)
FNF:3
FNH:0
FNDA:0,isPromise
FNDA:0,ensureAsync
FNDA:0,(anonymous_2)
DA:6,2
DA:7,0
DA:15,2
DA:18,0
DA:19,0
DA:20,0
LF:6
LH:2
BRDA:8,0,0,0
BRDA:8,0,1,0
BRDA:8,0,2,0
BRDA:8,0,3,0
BRF:4
BRH:0
end_of_record
TN:
SF:src\utils\bundler.ts
FN:15,resolveDependencies
FN:30,(anonymous_7)
FN:65,resolveFilePath
FN:73,(anonymous_9)
FN:99,minifyBundle
FN:156,generateBundle
FNF:6
FNH:5
FNDA:6,resolveDependencies
FNDA:0,(anonymous_7)
FNDA:5,resolveFilePath
FNDA:10,(anonymous_9)
FNDA:5,minifyBundle
FNDA:3,generateBundle
DA:1,3
DA:2,3
DA:15,3
DA:25,6
DA:28,6
DA:30,0
DA:31,0
DA:34,6
DA:35,6
DA:36,6
DA:39,5
DA:43,5
DA:44,5
DA:45,5
DA:47,5
DA:48,5
DA:49,5
DA:50,0
DA:53,0
DA:54,0
DA:59,1
DA:62,5
DA:70,5
DA:73,10
DA:74,0
DA:75,0
DA:76,0
DA:78,0
DA:83,5
DA:84,10
DA:85,10
DA:86,10
DA:87,0
DA:89,10
DA:93,5
DA:99,3
DA:100,5
DA:102,4
DA:103,4
DA:104,4
DA:105,4
DA:107,4
DA:108,188
DA:110,140
DA:111,1
DA:112,1
DA:113,1
DA:115,139
DA:116,3
DA:117,3
DA:118,3
DA:122,136
DA:123,3
DA:124,3
DA:125,3
DA:126,3
DA:127,3
DA:131,133
DA:132,24
DA:133,73
DA:134,24
DA:138,48
DA:139,3
DA:140,3
DA:144,157
DA:145,157
DA:146,157
DA:150,4
DA:156,3
DA:157,3
DA:158,3
DA:160,3
DA:161,3
DA:163,2
DA:164,2
DA:165,2
DA:166,2
DA:169,2
DA:171,1
LF:79
LH:69
BRDA:17,0,0,6
BRDA:18,1,0,6
BRDA:19,2,0,6
BRDA:22,3,0,6
BRDA:23,4,0,6
BRDA:24,5,0,6
BRDA:28,6,0,0
BRDA:28,7,0,6
BRDA:28,7,1,6
BRDA:28,7,2,6
BRDA:39,8,0,5
BRDA:39,8,1,0
BRDA:45,9,0,0
BRDA:49,10,0,0
BRDA:53,11,0,0
BRDA:59,12,0,1
BRDA:59,12,1,0
BRDA:73,13,0,0
BRDA:100,14,0,1
BRDA:108,15,0,140
BRDA:108,15,1,48
BRDA:110,16,0,1
BRDA:110,17,0,140
BRDA:110,17,1,4
BRDA:112,18,0,0
BRDA:115,19,0,3
BRDA:115,20,0,139
BRDA:115,20,1,3
BRDA:117,21,0,0
BRDA:122,22,0,3
BRDA:122,23,0,136
BRDA:122,23,1,135
BRDA:131,24,0,24
BRDA:133,25,0,97
BRDA:133,25,1,94
BRDA:138,26,0,3
BRDA:138,27,0,48
BRDA:138,27,1,3
BRDA:144,28,0,157
BRDA:172,29,0,1
BRDA:172,29,1,0
BRF:41
BRH:31
end_of_record
TN:
SF:src\utils\cache.ts
FN:14,createCache
FN:18,(anonymous_1)
FN:29,(anonymous_2)
FN:36,(anonymous_3)
FN:49,(anonymous_4)
FN:52,(anonymous_5)
FN:57,(anonymous_6)
FNF:7
FNH:4
FNDA:23,createCache
FNDA:11,(anonymous_1)
FNDA:6,(anonymous_2)
FNDA:5,(anonymous_3)
FNDA:0,(anonymous_4)
FNDA:0,(anonymous_5)
FNDA:0,(anonymous_6)
DA:14,3
DA:15,23
DA:16,23
DA:18,23
DA:19,11
DA:20,3
DA:21,3
DA:22,2
DA:23,1
DA:28,23
DA:30,6
DA:31,6
DA:32,6
DA:37,5
DA:38,5
DA:39,1
DA:40,1
DA:41,1
DA:44,5
DA:50,0
DA:53,0
DA:54,0
DA:55,0
DA:58,0
LF:24
LH:19
BRDA:14,0,0,21
BRDA:19,1,0,8
BRDA:22,2,0,1
BRDA:22,3,0,2
BRDA:22,3,1,2
BRDA:32,4,0,4
BRDA:32,4,1,2
BRDA:32,5,0,6
BRDA:32,5,1,4
BRDA:32,5,2,1
BRDA:38,6,0,1
BRDA:38,7,0,5
BRDA:38,7,1,3
BRDA:40,8,0,1
BRDA:46,9,0,1
BRDA:46,9,1,4
BRDA:46,10,0,5
BRDA:46,10,1,5
BRDA:46,11,0,1
BRDA:46,11,1,1
BRDA:55,12,0,0
BRDA:55,12,1,0
BRDA:55,12,2,0
BRF:23
BRH:20
end_of_record
TN:
SF:src\utils\cookie.ts
FN:2,setCookie
FN:9,getCookie
FN:20,deleteCookie
FNF:3
FNH:0
FNDA:0,setCookie
FNDA:0,getCookie
FNDA:0,deleteCookie
DA:2,2
DA:3,0
DA:4,0
DA:5,0
DA:6,0
DA:9,2
DA:10,0
DA:11,0
DA:12,0
DA:13,0
DA:14,0
DA:15,0
DA:17,0
DA:20,2
DA:21,0
LF:15
LH:3
BRDA:15,0,0,0
BRF:1
BRH:0
end_of_record
TN:
SF:src\utils\cors.ts
FN:17,setCorsHeaders
FN:42,normalizeCorsOptions
FNF:2
FNH:1
FNDA:3,setCorsHeaders
FNDA:0,normalizeCorsOptions
DA:17,3
DA:25,3
DA:27,3
DA:28,3
DA:29,3
DA:31,3
DA:32,0
DA:35,3
DA:36,0
DA:39,3
DA:42,3
DA:43,0
DA:44,0
DA:46,0
LF:14
LH:9
BRDA:17,0,0,1
BRDA:19,1,0,1
BRDA:20,2,0,3
BRDA:21,3,0,3
BRDA:22,4,0,3
BRDA:23,5,0,3
BRDA:24,6,0,3
BRDA:27,7,0,1
BRDA:27,7,1,2
BRDA:31,8,0,0
BRDA:35,9,0,0
BRDA:43,10,0,0
BRDA:46,11,0,0
BRDA:46,11,1,0
BRF:14
BRH:9
end_of_record
TN:
SF:src\utils\errorHandler.ts
FN:15,generateErrorPage
FN:57,handleError
FNF:2
FNH:2
FNDA:2,generateErrorPage
FNDA:1,handleError
DA:15,3
DA:29,2
DA:31,2
DA:39,2
DA:57,3
DA:62,1
DA:63,1
DA:65,1
DA:78,1
DA:80,1
DA:85,1
LF:11
LH:11
BRDA:19,0,0,2
BRDA:22,1,0,2
BRDA:27,2,0,2
BRDA:28,3,0,2
BRDA:31,4,0,1
BRDA:31,4,1,1
BRDA:31,5,0,2
BRDA:31,5,1,1
BRDA:33,6,0,1
BRDA:33,6,1,1
BRDA:34,7,0,0
BRDA:34,7,1,1
BRDA:35,8,0,1
BRDA:35,8,1,0
BRDA:35,9,0,1
BRDA:35,9,1,1
BRDA:62,10,0,1
BRDA:62,10,1,0
BRDA:63,11,0,1
BRDA:63,11,1,0
BRF:20
BRH:16
end_of_record
TN:
SF:src\utils\etag.ts
FN:7,generateETag
FNF:1
FNH:1
FNDA:2,generateETag
DA:1,3
DA:7,3
DA:8,2
DA:9,2
LF:4
LH:4
BRDA:7,0,0,1
BRDA:9,1,0,1
BRDA:9,1,1,1
BRF:3
BRH:3
end_of_record
TN:
SF:src\utils\html.ts
FN:18,injectMetaTags
FN:31,(anonymous_1)
FN:32,(anonymous_2)
FNF:3
FNH:3
FNDA:2,injectMetaTags
FNDA:8,(anonymous_1)
FNDA:8,(anonymous_2)
DA:18,3
DA:23,2
DA:30,2
DA:31,8
DA:33,8
DA:34,1
DA:36,7
DA:37,2
DA:39,5
DA:40,0
DA:42,5
DA:43,2
DA:45,3
DA:49,2
LF:14
LH:13
BRDA:20,0,0,0
BRDA:21,1,0,2
BRDA:33,2,0,1
BRDA:36,3,0,2
BRDA:39,4,0,0
BRDA:42,5,0,2
BRF:6
BRH:4
end_of_record
TN:
SF:src\utils\index.ts
FNF:0
FNH:0
DA:1,2
DA:2,2
DA:3,2
DA:4,2
DA:5,2
DA:6,2
DA:7,2
DA:8,2
DA:9,2
DA:10,2
LF:10
LH:10
BRF:0
BRH:0
end_of_record
TN:
SF:src\utils\logger.ts
FN:25,(anonymous_7)
FN:34,(anonymous_8)
FN:49,(anonymous_9)
FN:53,(anonymous_10)
FN:65,(anonymous_11)
FN:78,(anonymous_12)
FN:85,(anonymous_13)
FNF:7
FNH:7
FNDA:13,(anonymous_7)
FNDA:8,(anonymous_8)
FNDA:3,(anonymous_9)
FNDA:7,(anonymous_10)
FNDA:7,(anonymous_11)
FNDA:2,(anonymous_12)
FNDA:2,(anonymous_13)
DA:1,3
DA:2,3
DA:4,3
DA:14,3
DA:17,3
DA:26,13
DA:27,13
DA:29,13
DA:30,8
DA:35,8
DA:36,8
DA:38,8
DA:39,2
DA:42,1
DA:45,1
DA:50,3
DA:54,7
DA:55,7
DA:56,1
DA:62,6
DA:66,7
DA:67,7
DA:69,7
DA:70,3
DA:71,3
DA:73,1
DA:79,2
DA:80,2
DA:81,2
DA:82,2
DA:86,2
DA:87,2
DA:88,2
DA:90,1
LF:34
LH:34
BRDA:25,0,0,5
BRDA:29,1,0,8
BRDA:38,2,0,2
BRDA:55,3,0,1
BRDA:69,4,0,3
BRDA:79,5,0,1
BRDA:79,6,0,1
BRDA:79,7,0,1
BRDA:80,8,0,2
BRDA:80,8,1,1
BRDA:86,9,0,2
BRDA:86,10,0,2
BRDA:86,10,1,2
BRF:13
BRH:13
end_of_record
