TN:
SF:src\AeroSSR.ts
FN:25,(anonymous_0)
FN:49,(anonymous_1)
FN:53,(anonymous_2)
FN:57,(anonymous_3)
FN:62,(anonymous_4)
FN:71,(anonymous_5)
FN:74,(anonymous_6)
FN:109,(anonymous_7)
FN:144,(anonymous_8)
FN:166,(anonymous_9)
FN:167,(anonymous_10)
FN:168,(anonymous_11)
FN:170,(anonymous_12)
FN:177,(anonymous_13)
FN:179,(anonymous_14)
FN:180,(anonymous_15)
FNF:16
FNH:0
FNDA:0,(anonymous_0)
FNDA:0,(anonymous_1)
FNDA:0,(anonymous_2)
FNDA:0,(anonymous_3)
FNDA:0,(anonymous_4)
FNDA:0,(anonymous_5)
FNDA:0,(anonymous_6)
FNDA:0,(anonymous_7)
FNDA:0,(anonymous_8)
FNDA:0,(anonymous_9)
FNDA:0,(anonymous_10)
FNDA:0,(anonymous_11)
FNDA:0,(anonymous_12)
FNDA:0,(anonymous_13)
FNDA:0,(anonymous_14)
FNDA:0,(anonymous_15)
DA:16,0
DA:23,0
DA:26,0
DA:43,0
DA:44,0
DA:45,0
DA:46,0
DA:50,0
DA:54,0
DA:58,0
DA:59,0
DA:67,0
DA:68,0
DA:71,0
DA:78,0
DA:79,0
DA:81,0
DA:83,0
DA:84,0
DA:86,0
DA:87,0
DA:88,0
DA:89,0
DA:90,0
DA:93,0
DA:94,0
DA:95,0
DA:96,0
DA:99,0
DA:100,0
DA:101,0
DA:104,0
DA:106,0
DA:114,0
DA:115,0
DA:117,0
DA:118,0
DA:120,0
DA:121,0
DA:122,0
DA:123,0
DA:126,0
DA:127,0
DA:133,0
DA:134,0
DA:135,0
DA:136,0
DA:137,0
DA:139,0
DA:149,0
DA:150,0
DA:152,0
DA:157,0
DA:159,0
DA:163,0
DA:167,0
DA:168,0
DA:170,0
DA:171,0
DA:172,0
DA:178,0
DA:179,0
DA:180,0
DA:181,0
DA:182,0
DA:183,0
DA:187,0
LF:67
LH:0
BRDA:25,0,0,0
BRDA:27,1,0,0
BRDA:27,1,1,0
BRDA:28,2,0,0
BRDA:28,2,1,0
BRDA:29,3,0,0
BRDA:29,3,1,0
BRDA:31,4,0,0
BRDA:31,4,1,0
BRDA:32,5,0,0
BRDA:32,5,1,0
BRDA:33,6,0,0
BRDA:33,6,1,0
BRDA:65,7,0,0
BRDA:67,8,0,0
BRDA:83,9,0,0
BRDA:83,9,1,0
BRDA:84,10,0,0
BRDA:84,10,1,0
BRDA:86,11,0,0
BRDA:94,12,0,0
BRDA:99,13,0,0
BRDA:106,14,0,0
BRDA:106,14,1,0
BRDA:114,15,0,0
BRDA:114,15,1,0
BRDA:115,16,0,0
BRDA:115,16,1,0
BRDA:120,17,0,0
BRDA:133,18,0,0
BRDA:133,18,1,0
BRDA:134,19,0,0
BRDA:134,19,1,0
BRDA:134,20,0,0
BRDA:134,20,1,0
BRDA:178,21,0,0
BRF:36
BRH:0
end_of_record
TN:
SF:src\middlewares\SecurityMiddleware.ts
FN:7,(anonymous_0)
FN:8,(anonymous_1)
FN:22,(anonymous_2)
FN:25,(anonymous_3)
FN:26,(anonymous_4)
FN:53,(anonymous_5)
FN:54,(anonymous_6)
FN:66,(anonymous_7)
FN:67,(anonymous_8)
FNF:9
FNH:0
FNDA:0,(anonymous_0)
FNDA:0,(anonymous_1)
FNDA:0,(anonymous_2)
FNDA:0,(anonymous_3)
FNDA:0,(anonymous_4)
FNDA:0,(anonymous_5)
FNDA:0,(anonymous_6)
FNDA:0,(anonymous_7)
FNDA:0,(anonymous_8)
DA:8,0
DA:9,0
DA:10,0
DA:11,0
DA:12,0
DA:13,0
DA:15,0
DA:23,0
DA:25,0
DA:26,0
DA:27,0
DA:28,0
DA:29,0
DA:31,0
DA:32,0
DA:33,0
DA:36,0
DA:37,0
DA:39,0
DA:40,0
DA:41,0
DA:42,0
DA:45,0
DA:54,0
DA:55,0
DA:56,0
DA:57,0
DA:58,0
DA:59,0
DA:67,0
DA:70,0
LF:31
LH:0
BRDA:10,0,0,0
BRDA:10,1,0,0
BRDA:10,1,1,0
BRDA:27,2,0,0
BRDA:27,2,1,0
BRDA:29,3,0,0
BRDA:29,3,1,0
BRDA:31,4,0,0
BRDA:39,5,0,0
BRF:9
BRH:0
end_of_record
TN:
SF:src\middlewares\StaticFileMiddleware.ts
FN:20,(anonymous_0)
FN:29,(anonymous_1)
FN:72,(anonymous_2)
FN:76,(anonymous_3)
FN:97,(anonymous_4)
FN:98,(anonymous_5)
FN:106,(anonymous_6)
FNF:7
FNH:0
FNDA:0,(anonymous_0)
FNDA:0,(anonymous_1)
FNDA:0,(anonymous_2)
FNDA:0,(anonymous_3)
FNDA:0,(anonymous_4)
FNDA:0,(anonymous_5)
FNDA:0,(anonymous_6)
DA:10,0
DA:21,0
DA:22,0
DA:23,0
DA:24,0
DA:25,0
DA:26,0
DA:35,0
DA:37,0
DA:38,0
DA:39,0
DA:40,0
DA:41,0
DA:44,0
DA:50,0
DA:51,0
DA:54,0
DA:56,0
DA:57,0
DA:58,0
DA:59,0
DA:60,0
DA:61,0
DA:62,0
DA:63,0
DA:64,0
DA:68,0
DA:69,0
DA:73,0
DA:77,0
DA:94,0
DA:98,0
DA:99,0
DA:100,0
DA:101,0
DA:104,0
DA:106,0
DA:107,0
DA:108,0
DA:109,0
DA:110,0
DA:112,0
DA:115,0
DA:117,0
DA:118,0
DA:120,0
DA:121,0
DA:122,0
DA:123,0
DA:124,0
DA:125,0
DA:126,0
DA:127,0
DA:130,0
DA:133,0
DA:136,0
DA:137,0
DA:138,0
DA:141,0
DA:144,0
LF:60
LH:0
BRDA:22,0,0,0
BRDA:22,0,1,0
BRDA:23,1,0,0
BRDA:23,1,1,0
BRDA:24,2,0,0
BRDA:24,2,1,0
BRDA:37,3,0,0
BRDA:37,3,1,0
BRDA:38,4,0,0
BRDA:38,5,0,0
BRDA:38,5,1,0
BRDA:50,6,0,0
BRDA:56,7,0,0
BRDA:56,8,0,0
BRDA:56,8,1,0
BRDA:56,8,2,0
BRDA:57,9,0,0
BRDA:57,9,1,0
BRDA:58,10,0,0
BRDA:94,11,0,0
BRDA:94,11,1,0
BRDA:100,12,0,0
BRDA:100,13,0,0
BRDA:100,13,1,0
BRDA:104,14,0,0
BRDA:104,14,1,0
BRDA:106,15,0,0
BRDA:106,16,0,0
BRDA:106,16,1,0
BRDA:107,17,0,0
BRDA:120,18,0,0
BRDA:125,19,0,0
BRDA:136,20,0,0
BRF:33
BRH:0
end_of_record
TN:
SF:src\utils\bundler.ts
FN:4,resolveDependencies
FN:30,minifyBundle
FN:37,generateBundle
FNF:3
FNH:0
FNDA:0,resolveDependencies
FNDA:0,minifyBundle
FNDA:0,generateBundle
DA:8,0
DA:10,0
DA:11,0
DA:13,0
DA:14,0
DA:15,0
DA:16,0
DA:17,0
DA:18,0
DA:20,0
DA:21,0
DA:27,0
DA:31,0
DA:38,0
DA:39,0
DA:41,0
DA:42,0
DA:43,0
DA:44,0
DA:47,0
LF:20
LH:0
BRDA:6,0,0,0
BRDA:8,1,0,0
BRDA:14,2,0,0
BRDA:17,3,0,0
BRDA:20,4,0,0
BRDA:20,5,0,0
BRDA:20,5,1,0
BRF:7
BRH:0
end_of_record
TN:
SF:src\utils\cache.ts
FN:3,createCache
FN:7,(anonymous_1)
FN:8,(anonymous_2)
FN:9,(anonymous_3)
FNF:4
FNH:0
FNDA:0,createCache
FNDA:0,(anonymous_1)
FNDA:0,(anonymous_2)
FNDA:0,(anonymous_3)
DA:4,0
DA:6,0
DA:7,0
DA:8,0
DA:9,0
LF:5
LH:0
BRF:0
BRH:0
end_of_record
TN:
SF:src\utils\cors.ts
FN:3,setCorsHeaders
FNF:1
FNH:0
FNDA:0,setCorsHeaders
DA:4,0
DA:5,0
DA:6,0
DA:7,0
LF:4
LH:0
BRDA:3,0,0,0
BRF:1
BRH:0
end_of_record
TN:
SF:src\utils\errorHandler.ts
FN:3,generateErrorPage
FN:24,handleError
FNF:2
FNH:0
FNDA:0,generateErrorPage
FNDA:0,handleError
DA:4,0
DA:29,0
DA:31,0
DA:32,0
DA:34,0
DA:38,0
LF:6
LH:0
BRDA:31,0,0,0
BRDA:31,0,1,0
BRF:2
BRH:0
end_of_record
TN:
SF:src\utils\etag.ts
FN:4,generateETag
FNF:1
FNH:0
FNDA:0,generateETag
DA:5,0
LF:1
LH:0
BRF:0
BRH:0
end_of_record
TN:
SF:src\utils\html.ts
FN:4,injectMetaTags
FNF:1
FNH:0
FNDA:0,injectMetaTags
DA:9,0
DA:11,0
DA:18,0
LF:3
LH:0
BRDA:6,0,0,0
BRDA:7,1,0,0
BRF:2
BRH:0
end_of_record
TN:
SF:src\utils\logger.ts
FN:9,(anonymous_0)
FN:28,(anonymous_1)
FN:33,(anonymous_2)
FN:41,(anonymous_3)
FNF:4
FNH:0
FNDA:0,(anonymous_0)
FNDA:0,(anonymous_1)
FNDA:0,(anonymous_2)
FNDA:0,(anonymous_3)
DA:10,0
DA:12,0
DA:13,0
DA:14,0
DA:15,0
DA:16,0
DA:18,0
DA:20,0
DA:23,0
DA:29,0
DA:30,0
DA:32,0
DA:33,0
DA:34,0
DA:35,0
DA:42,0
DA:43,0
LF:17
LH:0
BRDA:9,0,0,0
BRDA:10,1,0,0
BRDA:10,1,1,0
BRDA:12,2,0,0
BRDA:15,3,0,0
BRDA:32,4,0,0
BRDA:34,5,0,0
BRF:7
BRH:0
end_of_record
